{"/Users/law/Programming/Web/BJSM/packages/arcade/src/ArcadeGame.ts": {"path":"/Users/law/Programming/Web/BJSM/packages/arcade/src/ArcadeGame.ts","all":false,"statementMap":{"0":{"start":{"line":1,"column":0},"end":{"line":1,"column":8}},"57":{"start":{"line":58,"column":0},"end":{"line":58,"column":25}},"58":{"start":{"line":59,"column":0},"end":{"line":59,"column":31}},"59":{"start":{"line":60,"column":0},"end":{"line":60,"column":37}},"60":{"start":{"line":61,"column":0},"end":{"line":61,"column":43}},"61":{"start":{"line":62,"column":0},"end":{"line":62,"column":44}},"63":{"start":{"line":64,"column":0},"end":{"line":64,"column":68}},"64":{"start":{"line":65,"column":0},"end":{"line":65,"column":50}},"65":{"start":{"line":66,"column":0},"end":{"line":66,"column":26}},"67":{"start":{"line":68,"column":0},"end":{"line":68,"column":75}},"68":{"start":{"line":69,"column":0},"end":{"line":69,"column":29}},"69":{"start":{"line":70,"column":0},"end":{"line":70,"column":35}},"70":{"start":{"line":71,"column":0},"end":{"line":71,"column":54}},"71":{"start":{"line":72,"column":0},"end":{"line":72,"column":28}},"72":{"start":{"line":73,"column":0},"end":{"line":73,"column":30}},"73":{"start":{"line":74,"column":0},"end":{"line":74,"column":36}},"74":{"start":{"line":75,"column":0},"end":{"line":75,"column":15}},"75":{"start":{"line":76,"column":0},"end":{"line":76,"column":7}},"76":{"start":{"line":77,"column":0},"end":{"line":77,"column":22}},"77":{"start":{"line":78,"column":0},"end":{"line":78,"column":35}},"78":{"start":{"line":79,"column":0},"end":{"line":79,"column":43}},"79":{"start":{"line":80,"column":0},"end":{"line":80,"column":6}},"80":{"start":{"line":81,"column":0},"end":{"line":81,"column":3}},"82":{"start":{"line":83,"column":0},"end":{"line":83,"column":84}},"83":{"start":{"line":84,"column":0},"end":{"line":84,"column":43}},"84":{"start":{"line":85,"column":0},"end":{"line":85,"column":3}},"86":{"start":{"line":87,"column":0},"end":{"line":87,"column":54}},"87":{"start":{"line":88,"column":0},"end":{"line":88,"column":38}},"88":{"start":{"line":89,"column":0},"end":{"line":89,"column":23}},"89":{"start":{"line":90,"column":0},"end":{"line":90,"column":91}},"90":{"start":{"line":91,"column":0},"end":{"line":91,"column":5}},"91":{"start":{"line":92,"column":0},"end":{"line":92,"column":59}},"92":{"start":{"line":93,"column":0},"end":{"line":93,"column":36}},"93":{"start":{"line":94,"column":0},"end":{"line":94,"column":3}},"95":{"start":{"line":96,"column":0},"end":{"line":96,"column":56}},"96":{"start":{"line":97,"column":0},"end":{"line":97,"column":51}},"97":{"start":{"line":98,"column":0},"end":{"line":98,"column":82}},"98":{"start":{"line":99,"column":0},"end":{"line":99,"column":101}},"99":{"start":{"line":100,"column":0},"end":{"line":100,"column":86}},"100":{"start":{"line":101,"column":0},"end":{"line":101,"column":35}},"101":{"start":{"line":102,"column":0},"end":{"line":102,"column":35}},"102":{"start":{"line":103,"column":0},"end":{"line":103,"column":5}},"103":{"start":{"line":104,"column":0},"end":{"line":104,"column":3}},"109":{"start":{"line":110,"column":0},"end":{"line":110,"column":77}},"110":{"start":{"line":111,"column":0},"end":{"line":111,"column":36}},"111":{"start":{"line":112,"column":0},"end":{"line":112,"column":3}},"113":{"start":{"line":114,"column":0},"end":{"line":114,"column":17}},"114":{"start":{"line":115,"column":0},"end":{"line":115,"column":29}},"115":{"start":{"line":116,"column":0},"end":{"line":116,"column":24}},"116":{"start":{"line":117,"column":0},"end":{"line":117,"column":59}},"117":{"start":{"line":118,"column":0},"end":{"line":118,"column":3}},"119":{"start":{"line":120,"column":0},"end":{"line":120,"column":16}},"120":{"start":{"line":121,"column":0},"end":{"line":121,"column":30}},"121":{"start":{"line":122,"column":0},"end":{"line":122,"column":25}},"122":{"start":{"line":123,"column":0},"end":{"line":123,"column":29}},"123":{"start":{"line":124,"column":0},"end":{"line":124,"column":3}},"125":{"start":{"line":126,"column":0},"end":{"line":126,"column":61}},"126":{"start":{"line":127,"column":0},"end":{"line":127,"column":42}},"127":{"start":{"line":128,"column":0},"end":{"line":128,"column":41}},"128":{"start":{"line":129,"column":0},"end":{"line":129,"column":19}},"129":{"start":{"line":130,"column":0},"end":{"line":130,"column":160}},"130":{"start":{"line":131,"column":0},"end":{"line":131,"column":13}},"131":{"start":{"line":132,"column":0},"end":{"line":132,"column":5}},"133":{"start":{"line":134,"column":0},"end":{"line":134,"column":32}},"134":{"start":{"line":135,"column":0},"end":{"line":135,"column":53}},"137":{"start":{"line":138,"column":0},"end":{"line":138,"column":47}},"141":{"start":{"line":142,"column":0},"end":{"line":142,"column":26}},"142":{"start":{"line":143,"column":0},"end":{"line":143,"column":89}},"143":{"start":{"line":144,"column":0},"end":{"line":144,"column":13}},"144":{"start":{"line":145,"column":0},"end":{"line":145,"column":5}},"146":{"start":{"line":147,"column":0},"end":{"line":147,"column":74}},"147":{"start":{"line":148,"column":0},"end":{"line":148,"column":30}},"148":{"start":{"line":149,"column":0},"end":{"line":149,"column":3}},"149":{"start":{"line":150,"column":0},"end":{"line":150,"column":1}},"151":{"start":{"line":152,"column":0},"end":{"line":152,"column":67}},"152":{"start":{"line":153,"column":0},"end":{"line":153,"column":34}},"153":{"start":{"line":154,"column":0},"end":{"line":154,"column":65}},"154":{"start":{"line":155,"column":0},"end":{"line":155,"column":29}},"155":{"start":{"line":156,"column":0},"end":{"line":156,"column":58}},"156":{"start":{"line":157,"column":0},"end":{"line":157,"column":24}},"157":{"start":{"line":158,"column":0},"end":{"line":158,"column":7}},"158":{"start":{"line":159,"column":0},"end":{"line":159,"column":5}},"159":{"start":{"line":160,"column":0},"end":{"line":160,"column":3}},"160":{"start":{"line":161,"column":0},"end":{"line":161,"column":15}},"161":{"start":{"line":162,"column":0},"end":{"line":162,"column":1}}},"s":{"0":1,"57":1,"58":18,"59":18,"60":18,"61":18,"63":18,"64":18,"65":18,"67":18,"68":18,"69":18,"70":18,"71":18,"72":18,"73":18,"74":18,"75":18,"76":18,"77":18,"78":18,"79":18,"80":18,"82":18,"83":1,"84":1,"86":18,"87":2,"88":2,"89":1,"90":1,"91":1,"92":1,"93":2,"95":18,"96":12,"97":12,"98":12,"99":12,"100":12,"101":9,"102":9,"103":12,"109":18,"110":9,"111":9,"113":18,"114":3,"115":2,"116":2,"117":3,"119":18,"120":2,"121":1,"122":1,"123":2,"125":18,"126":12,"127":11,"128":12,"129":1,"130":1,"131":1,"133":10,"134":10,"137":10,"141":12,"142":1,"143":1,"144":1,"146":9,"147":9,"148":12,"149":18,"151":12,"152":12,"153":12,"154":14,"155":14,"156":14,"157":14,"158":14,"159":14,"160":12,"161":12},"branchMap":{"0":{"type":"branch","line":58,"loc":{"start":{"line":58,"column":24},"end":{"line":150,"column":1}},"locations":[{"start":{"line":58,"column":24},"end":{"line":150,"column":1}}]},"1":{"type":"branch","line":68,"loc":{"start":{"line":68,"column":2},"end":{"line":81,"column":3}},"locations":[{"start":{"line":68,"column":2},"end":{"line":81,"column":3}}]},"2":{"type":"branch","line":79,"loc":{"start":{"line":79,"column":18},"end":{"line":79,"column":43}},"locations":[{"start":{"line":79,"column":18},"end":{"line":79,"column":43}}]},"3":{"type":"branch","line":83,"loc":{"start":{"line":83,"column":2},"end":{"line":85,"column":3}},"locations":[{"start":{"line":83,"column":2},"end":{"line":85,"column":3}}]},"4":{"type":"branch","line":87,"loc":{"start":{"line":87,"column":2},"end":{"line":94,"column":3}},"locations":[{"start":{"line":87,"column":2},"end":{"line":94,"column":3}}]},"5":{"type":"branch","line":89,"loc":{"start":{"line":89,"column":22},"end":{"line":93,"column":36}},"locations":[{"start":{"line":89,"column":22},"end":{"line":93,"column":36}}]},"6":{"type":"branch","line":96,"loc":{"start":{"line":96,"column":2},"end":{"line":104,"column":3}},"locations":[{"start":{"line":96,"column":2},"end":{"line":104,"column":3}}]},"7":{"type":"branch","line":101,"loc":{"start":{"line":101,"column":34},"end":{"line":103,"column":5}},"locations":[{"start":{"line":101,"column":34},"end":{"line":103,"column":5}}]},"8":{"type":"branch","line":98,"loc":{"start":{"line":98,"column":44},"end":{"line":98,"column":79}},"locations":[{"start":{"line":98,"column":44},"end":{"line":98,"column":79}}]},"9":{"type":"branch","line":110,"loc":{"start":{"line":110,"column":2},"end":{"line":112,"column":3}},"locations":[{"start":{"line":110,"column":2},"end":{"line":112,"column":3}}]},"10":{"type":"branch","line":114,"loc":{"start":{"line":114,"column":2},"end":{"line":118,"column":3}},"locations":[{"start":{"line":114,"column":2},"end":{"line":118,"column":3}}]},"11":{"type":"branch","line":115,"loc":{"start":{"line":115,"column":22},"end":{"line":115,"column":29}},"locations":[{"start":{"line":115,"column":22},"end":{"line":115,"column":29}}]},"12":{"type":"branch","line":115,"loc":{"start":{"line":115,"column":22},"end":{"line":117,"column":59}},"locations":[{"start":{"line":115,"column":22},"end":{"line":117,"column":59}}]},"13":{"type":"branch","line":120,"loc":{"start":{"line":120,"column":2},"end":{"line":124,"column":3}},"locations":[{"start":{"line":120,"column":2},"end":{"line":124,"column":3}}]},"14":{"type":"branch","line":121,"loc":{"start":{"line":121,"column":23},"end":{"line":123,"column":29}},"locations":[{"start":{"line":121,"column":23},"end":{"line":123,"column":29}}]},"15":{"type":"branch","line":126,"loc":{"start":{"line":126,"column":2},"end":{"line":149,"column":3}},"locations":[{"start":{"line":126,"column":2},"end":{"line":149,"column":3}}]},"16":{"type":"branch","line":127,"loc":{"start":{"line":127,"column":35},"end":{"line":127,"column":42}},"locations":[{"start":{"line":127,"column":35},"end":{"line":127,"column":42}}]},"17":{"type":"branch","line":127,"loc":{"start":{"line":127,"column":35},"end":{"line":129,"column":18}},"locations":[{"start":{"line":127,"column":35},"end":{"line":129,"column":18}}]},"18":{"type":"branch","line":129,"loc":{"start":{"line":129,"column":18},"end":{"line":132,"column":5}},"locations":[{"start":{"line":129,"column":18},"end":{"line":132,"column":5}}]},"19":{"type":"branch","line":132,"loc":{"start":{"line":132,"column":4},"end":{"line":142,"column":25}},"locations":[{"start":{"line":132,"column":4},"end":{"line":142,"column":25}}]},"20":{"type":"branch","line":142,"loc":{"start":{"line":142,"column":25},"end":{"line":145,"column":5}},"locations":[{"start":{"line":142,"column":25},"end":{"line":145,"column":5}}]},"21":{"type":"branch","line":145,"loc":{"start":{"line":145,"column":4},"end":{"line":148,"column":30}},"locations":[{"start":{"line":145,"column":4},"end":{"line":148,"column":30}}]},"22":{"type":"branch","line":152,"loc":{"start":{"line":152,"column":0},"end":{"line":162,"column":1}},"locations":[{"start":{"line":152,"column":0},"end":{"line":162,"column":1}}]},"23":{"type":"branch","line":154,"loc":{"start":{"line":154,"column":47},"end":{"line":154,"column":61}},"locations":[{"start":{"line":154,"column":47},"end":{"line":154,"column":61}}]},"24":{"type":"branch","line":154,"loc":{"start":{"line":154,"column":64},"end":{"line":160,"column":3}},"locations":[{"start":{"line":154,"column":64},"end":{"line":160,"column":3}}]}},"b":{"0":[18],"1":[18],"2":[16],"3":[1],"4":[2],"5":[1],"6":[12],"7":[9],"8":[12],"9":[9],"10":[3],"11":[1],"12":[2],"13":[2],"14":[1],"15":[12],"16":[1],"17":[11],"18":[1],"19":[10],"20":[1],"21":[9],"22":[12],"23":[0],"24":[14]},"fnMap":{"0":{"name":"<instance_members_initializer>","decl":{"start":{"line":58,"column":24},"end":{"line":150,"column":1}},"loc":{"start":{"line":58,"column":24},"end":{"line":150,"column":1}},"line":58},"1":{"name":"ArcadeGame","decl":{"start":{"line":68,"column":2},"end":{"line":81,"column":3}},"loc":{"start":{"line":68,"column":2},"end":{"line":81,"column":3}},"line":68},"2":{"name":"init","decl":{"start":{"line":83,"column":2},"end":{"line":85,"column":3}},"loc":{"start":{"line":83,"column":2},"end":{"line":85,"column":3}},"line":83},"3":{"name":"loadSceneFromUrl","decl":{"start":{"line":87,"column":2},"end":{"line":94,"column":3}},"loc":{"start":{"line":87,"column":2},"end":{"line":94,"column":3}},"line":87},"4":{"name":"loadScene","decl":{"start":{"line":96,"column":2},"end":{"line":104,"column":3}},"loc":{"start":{"line":96,"column":2},"end":{"line":104,"column":3}},"line":96},"5":{"name":"addComponentResolver","decl":{"start":{"line":110,"column":2},"end":{"line":112,"column":3}},"loc":{"start":{"line":110,"column":2},"end":{"line":112,"column":3}},"line":110},"6":{"name":"start","decl":{"start":{"line":114,"column":2},"end":{"line":118,"column":3}},"loc":{"start":{"line":114,"column":2},"end":{"line":118,"column":3}},"line":114},"7":{"name":"stop","decl":{"start":{"line":120,"column":2},"end":{"line":124,"column":3}},"loc":{"start":{"line":120,"column":2},"end":{"line":124,"column":3}},"line":120},"8":{"name":"registerByName","decl":{"start":{"line":126,"column":2},"end":{"line":149,"column":3}},"loc":{"start":{"line":126,"column":2},"end":{"line":149,"column":3}},"line":126},"9":{"name":"collectComponentNames","decl":{"start":{"line":152,"column":0},"end":{"line":162,"column":1}},"loc":{"start":{"line":152,"column":0},"end":{"line":162,"column":1}},"line":152}},"f":{"0":18,"1":18,"2":1,"3":2,"4":12,"5":9,"6":3,"7":2,"8":12,"9":12}}
,"/Users/law/Programming/Web/BJSM/packages/arcade/src/index.ts": {"path":"/Users/law/Programming/Web/BJSM/packages/arcade/src/index.ts","all":true,"statementMap":{"0":{"start":{"line":1,"column":0},"end":{"line":1,"column":29}},"1":{"start":{"line":2,"column":0},"end":{"line":2,"column":27}},"2":{"start":{"line":3,"column":0},"end":{"line":3,"column":57}},"3":{"start":{"line":4,"column":0},"end":{"line":4,"column":47}},"4":{"start":{"line":5,"column":0},"end":{"line":5,"column":57}},"5":{"start":{"line":6,"column":0},"end":{"line":6,"column":53}},"6":{"start":{"line":7,"column":0},"end":{"line":7,"column":49}},"7":{"start":{"line":8,"column":0},"end":{"line":8,"column":55}},"8":{"start":{"line":9,"column":0},"end":{"line":9,"column":63}},"9":{"start":{"line":10,"column":0},"end":{"line":10,"column":63}},"10":{"start":{"line":11,"column":0},"end":{"line":11,"column":45}},"11":{"start":{"line":12,"column":0},"end":{"line":12,"column":41}},"12":{"start":{"line":13,"column":0},"end":{"line":13,"column":51}},"13":{"start":{"line":14,"column":0},"end":{"line":14,"column":43}},"14":{"start":{"line":15,"column":0},"end":{"line":15,"column":49}},"15":{"start":{"line":16,"column":0},"end":{"line":16,"column":39}}},"s":{"0":0,"1":0,"2":0,"3":0,"4":0,"5":0,"6":0,"7":0,"8":0,"9":0,"10":0,"11":0,"12":0,"13":0,"14":0,"15":0},"branchMap":{"0":{"type":"branch","line":1,"loc":{"start":{"line":1,"column":783},"end":{"line":16,"column":39}},"locations":[{"start":{"line":1,"column":783},"end":{"line":16,"column":39}}]}},"b":{"0":[0]},"fnMap":{"0":{"name":"(empty-report)","decl":{"start":{"line":1,"column":783},"end":{"line":16,"column":39}},"loc":{"start":{"line":1,"column":783},"end":{"line":16,"column":39}},"line":1}},"f":{"0":0}}
,"/Users/law/Programming/Web/BJSM/packages/arcade/src/registry.ts": {"path":"/Users/law/Programming/Web/BJSM/packages/arcade/src/registry.ts","all":false,"statementMap":{"13":{"start":{"line":14,"column":0},"end":{"line":14,"column":81}},"14":{"start":{"line":15,"column":0},"end":{"line":15,"column":74}},"15":{"start":{"line":16,"column":0},"end":{"line":16,"column":59}},"16":{"start":{"line":17,"column":0},"end":{"line":17,"column":74}},"17":{"start":{"line":18,"column":0},"end":{"line":18,"column":68}},"18":{"start":{"line":19,"column":0},"end":{"line":19,"column":62}},"19":{"start":{"line":20,"column":0},"end":{"line":20,"column":71}},"20":{"start":{"line":21,"column":0},"end":{"line":21,"column":83}},"21":{"start":{"line":22,"column":0},"end":{"line":22,"column":83}},"22":{"start":{"line":23,"column":0},"end":{"line":23,"column":56}},"23":{"start":{"line":24,"column":0},"end":{"line":24,"column":50}},"24":{"start":{"line":25,"column":0},"end":{"line":25,"column":65}},"25":{"start":{"line":26,"column":0},"end":{"line":26,"column":53}},"26":{"start":{"line":27,"column":0},"end":{"line":27,"column":62}},"27":{"start":{"line":28,"column":0},"end":{"line":28,"column":47}},"28":{"start":{"line":29,"column":0},"end":{"line":29,"column":2}},"30":{"start":{"line":31,"column":0},"end":{"line":31,"column":77}}},"s":{"13":1,"14":1,"15":1,"16":1,"17":1,"18":1,"19":1,"20":1,"21":1,"22":1,"23":1,"24":1,"25":1,"26":1,"27":1,"28":1,"30":1},"branchMap":{"0":{"type":"branch","line":15,"loc":{"start":{"line":15,"column":17},"end":{"line":15,"column":74}},"locations":[{"start":{"line":15,"column":17},"end":{"line":15,"column":74}}]},"1":{"type":"branch","line":16,"loc":{"start":{"line":16,"column":12},"end":{"line":16,"column":59}},"locations":[{"start":{"line":16,"column":12},"end":{"line":16,"column":59}}]},"2":{"type":"branch","line":17,"loc":{"start":{"line":17,"column":17},"end":{"line":17,"column":74}},"locations":[{"start":{"line":17,"column":17},"end":{"line":17,"column":74}}]},"3":{"type":"branch","line":18,"loc":{"start":{"line":18,"column":15},"end":{"line":18,"column":68}},"locations":[{"start":{"line":18,"column":15},"end":{"line":18,"column":68}}]},"4":{"type":"branch","line":19,"loc":{"start":{"line":19,"column":13},"end":{"line":19,"column":62}},"locations":[{"start":{"line":19,"column":13},"end":{"line":19,"column":62}}]},"5":{"type":"branch","line":20,"loc":{"start":{"line":20,"column":16},"end":{"line":20,"column":71}},"locations":[{"start":{"line":20,"column":16},"end":{"line":20,"column":71}}]},"6":{"type":"branch","line":21,"loc":{"start":{"line":21,"column":20},"end":{"line":21,"column":83}},"locations":[{"start":{"line":21,"column":20},"end":{"line":21,"column":83}}]},"7":{"type":"branch","line":22,"loc":{"start":{"line":22,"column":20},"end":{"line":22,"column":83}},"locations":[{"start":{"line":22,"column":20},"end":{"line":22,"column":83}}]},"8":{"type":"branch","line":23,"loc":{"start":{"line":23,"column":11},"end":{"line":23,"column":56}},"locations":[{"start":{"line":23,"column":11},"end":{"line":23,"column":56}}]},"9":{"type":"branch","line":24,"loc":{"start":{"line":24,"column":9},"end":{"line":24,"column":50}},"locations":[{"start":{"line":24,"column":9},"end":{"line":24,"column":50}}]},"10":{"type":"branch","line":25,"loc":{"start":{"line":25,"column":14},"end":{"line":25,"column":65}},"locations":[{"start":{"line":25,"column":14},"end":{"line":25,"column":65}}]},"11":{"type":"branch","line":26,"loc":{"start":{"line":26,"column":10},"end":{"line":26,"column":53}},"locations":[{"start":{"line":26,"column":10},"end":{"line":26,"column":53}}]},"12":{"type":"branch","line":27,"loc":{"start":{"line":27,"column":13},"end":{"line":27,"column":62}},"locations":[{"start":{"line":27,"column":13},"end":{"line":27,"column":62}}]},"13":{"type":"branch","line":28,"loc":{"start":{"line":28,"column":8},"end":{"line":28,"column":47}},"locations":[{"start":{"line":28,"column":8},"end":{"line":28,"column":47}}]}},"b":{"0":[7],"1":[4],"2":[3],"3":[3],"4":[3],"5":[3],"6":[3],"7":[3],"8":[3],"9":[3],"10":[3],"11":[3],"12":[3],"13":[3]},"fnMap":{"0":{"name":"MeshPrimitive","decl":{"start":{"line":15,"column":17},"end":{"line":15,"column":74}},"loc":{"start":{"line":15,"column":17},"end":{"line":15,"column":74}},"line":15},"1":{"name":"Movement","decl":{"start":{"line":16,"column":12},"end":{"line":16,"column":59}},"loc":{"start":{"line":16,"column":12},"end":{"line":16,"column":59}},"line":16},"2":{"name":"KeyboardMover","decl":{"start":{"line":17,"column":17},"end":{"line":17,"column":74}},"loc":{"start":{"line":17,"column":17},"end":{"line":17,"column":74}},"line":17},"3":{"name":"PlayerInput","decl":{"start":{"line":18,"column":15},"end":{"line":18,"column":68}},"loc":{"start":{"line":18,"column":15},"end":{"line":18,"column":68}},"line":18},"4":{"name":"ArcCamera","decl":{"start":{"line":19,"column":13},"end":{"line":19,"column":62}},"loc":{"start":{"line":19,"column":13},"end":{"line":19,"column":62}},"line":19},"5":{"name":"CameraFollow","decl":{"start":{"line":20,"column":16},"end":{"line":20,"column":71}},"loc":{"start":{"line":20,"column":16},"end":{"line":20,"column":71}},"line":20},"6":{"name":"DirectionalLight","decl":{"start":{"line":21,"column":20},"end":{"line":21,"column":83}},"loc":{"start":{"line":21,"column":20},"end":{"line":21,"column":83}},"line":21},"7":{"name":"HemisphericLight","decl":{"start":{"line":22,"column":20},"end":{"line":22,"column":83}},"loc":{"start":{"line":22,"column":20},"end":{"line":22,"column":83}},"line":22},"8":{"name":"Physics","decl":{"start":{"line":23,"column":11},"end":{"line":23,"column":56}},"loc":{"start":{"line":23,"column":11},"end":{"line":23,"column":56}},"line":23},"9":{"name":"Score","decl":{"start":{"line":24,"column":9},"end":{"line":24,"column":50}},"loc":{"start":{"line":24,"column":9},"end":{"line":24,"column":50}},"line":24},"10":{"name":"Scoreboard","decl":{"start":{"line":25,"column":14},"end":{"line":25,"column":65}},"loc":{"start":{"line":25,"column":14},"end":{"line":25,"column":65}},"line":25},"11":{"name":"Shadow","decl":{"start":{"line":26,"column":10},"end":{"line":26,"column":53}},"loc":{"start":{"line":26,"column":10},"end":{"line":26,"column":53}},"line":26},"12":{"name":"Animation","decl":{"start":{"line":27,"column":13},"end":{"line":27,"column":62}},"loc":{"start":{"line":27,"column":13},"end":{"line":27,"column":62}},"line":27},"13":{"name":"Mesh","decl":{"start":{"line":28,"column":8},"end":{"line":28,"column":47}},"loc":{"start":{"line":28,"column":8},"end":{"line":28,"column":47}},"line":28}},"f":{"0":7,"1":4,"2":3,"3":3,"4":3,"5":3,"6":3,"7":3,"8":3,"9":3,"10":3,"11":3,"12":3,"13":3}}
,"/Users/law/Programming/Web/BJSM/packages/arcade/src/viz.ts": {"path":"/Users/law/Programming/Web/BJSM/packages/arcade/src/viz.ts","all":true,"statementMap":{"0":{"start":{"line":1,"column":0},"end":{"line":1,"column":61}},"1":{"start":{"line":2,"column":0},"end":{"line":2,"column":51}},"2":{"start":{"line":3,"column":0},"end":{"line":3,"column":61}},"3":{"start":{"line":4,"column":0},"end":{"line":4,"column":57}},"4":{"start":{"line":5,"column":0},"end":{"line":5,"column":53}},"5":{"start":{"line":6,"column":0},"end":{"line":6,"column":59}},"6":{"start":{"line":7,"column":0},"end":{"line":7,"column":67}},"7":{"start":{"line":8,"column":0},"end":{"line":8,"column":67}},"8":{"start":{"line":9,"column":0},"end":{"line":9,"column":49}},"9":{"start":{"line":10,"column":0},"end":{"line":10,"column":45}},"10":{"start":{"line":11,"column":0},"end":{"line":11,"column":55}},"11":{"start":{"line":12,"column":0},"end":{"line":12,"column":47}},"12":{"start":{"line":13,"column":0},"end":{"line":13,"column":53}},"13":{"start":{"line":14,"column":0},"end":{"line":14,"column":43}}},"s":{"0":0,"1":0,"2":0,"3":0,"4":0,"5":0,"6":0,"7":0,"8":0,"9":0,"10":0,"11":0,"12":0,"13":0},"branchMap":{"0":{"type":"branch","line":1,"loc":{"start":{"line":1,"column":781},"end":{"line":14,"column":43}},"locations":[{"start":{"line":1,"column":781},"end":{"line":14,"column":43}}]}},"b":{"0":[0]},"fnMap":{"0":{"name":"(empty-report)","decl":{"start":{"line":1,"column":781},"end":{"line":14,"column":43}},"loc":{"start":{"line":1,"column":781},"end":{"line":14,"column":43}},"line":1}},"f":{"0":0}}
,"/Users/law/Programming/Web/BJSM/packages/arcade/src/Components/Animation/Animation.core.ts": {"path":"/Users/law/Programming/Web/BJSM/packages/arcade/src/Components/Animation/Animation.core.ts","all":false,"statementMap":{"49":{"start":{"line":50,"column":0},"end":{"line":50,"column":58}},"50":{"start":{"line":51,"column":0},"end":{"line":51,"column":15}},"51":{"start":{"line":52,"column":0},"end":{"line":52,"column":14}},"52":{"start":{"line":53,"column":0},"end":{"line":53,"column":16}},"53":{"start":{"line":54,"column":0},"end":{"line":54,"column":21}},"54":{"start":{"line":55,"column":0},"end":{"line":55,"column":22}},"55":{"start":{"line":56,"column":0},"end":{"line":56,"column":21}},"56":{"start":{"line":57,"column":0},"end":{"line":57,"column":19}},"57":{"start":{"line":58,"column":0},"end":{"line":58,"column":2}},"98":{"start":{"line":99,"column":0},"end":{"line":99,"column":81}},"99":{"start":{"line":100,"column":0},"end":{"line":100,"column":32}},"100":{"start":{"line":101,"column":0},"end":{"line":101,"column":48}},"101":{"start":{"line":102,"column":0},"end":{"line":102,"column":46}},"102":{"start":{"line":103,"column":0},"end":{"line":103,"column":1}},"104":{"start":{"line":105,"column":0},"end":{"line":105,"column":32}},"105":{"start":{"line":106,"column":0},"end":{"line":106,"column":40}},"106":{"start":{"line":107,"column":0},"end":{"line":107,"column":22}},"107":{"start":{"line":108,"column":0},"end":{"line":108,"column":77}},"109":{"start":{"line":110,"column":0},"end":{"line":110,"column":21}},"110":{"start":{"line":111,"column":0},"end":{"line":111,"column":21}},"111":{"start":{"line":112,"column":0},"end":{"line":112,"column":20}},"112":{"start":{"line":113,"column":0},"end":{"line":113,"column":21}},"113":{"start":{"line":114,"column":0},"end":{"line":114,"column":24}},"114":{"start":{"line":115,"column":0},"end":{"line":115,"column":37}},"116":{"start":{"line":117,"column":0},"end":{"line":117,"column":44}},"117":{"start":{"line":118,"column":0},"end":{"line":118,"column":15}},"118":{"start":{"line":119,"column":0},"end":{"line":119,"column":15}},"119":{"start":{"line":120,"column":0},"end":{"line":120,"column":14}},"120":{"start":{"line":121,"column":0},"end":{"line":121,"column":15}},"121":{"start":{"line":122,"column":0},"end":{"line":122,"column":10}},"122":{"start":{"line":123,"column":0},"end":{"line":123,"column":18}},"123":{"start":{"line":124,"column":0},"end":{"line":124,"column":5}},"125":{"start":{"line":126,"column":0},"end":{"line":126,"column":10}},"126":{"start":{"line":127,"column":0},"end":{"line":127,"column":26}},"129":{"start":{"line":130,"column":0},"end":{"line":130,"column":37}},"132":{"start":{"line":133,"column":0},"end":{"line":133,"column":34}},"133":{"start":{"line":134,"column":0},"end":{"line":134,"column":22}},"134":{"start":{"line":135,"column":0},"end":{"line":135,"column":17}},"135":{"start":{"line":136,"column":0},"end":{"line":136,"column":40}},"136":{"start":{"line":137,"column":0},"end":{"line":137,"column":8}},"137":{"start":{"line":138,"column":0},"end":{"line":138,"column":30}},"140":{"start":{"line":141,"column":0},"end":{"line":141,"column":20}},"141":{"start":{"line":142,"column":0},"end":{"line":142,"column":20}},"142":{"start":{"line":143,"column":0},"end":{"line":143,"column":19}},"144":{"start":{"line":145,"column":0},"end":{"line":145,"column":38}},"145":{"start":{"line":146,"column":0},"end":{"line":146,"column":18}},"146":{"start":{"line":147,"column":0},"end":{"line":147,"column":85}},"147":{"start":{"line":148,"column":0},"end":{"line":148,"column":56}},"149":{"start":{"line":150,"column":0},"end":{"line":150,"column":20}},"150":{"start":{"line":151,"column":0},"end":{"line":151,"column":16}},"151":{"start":{"line":152,"column":0},"end":{"line":152,"column":29}},"152":{"start":{"line":153,"column":0},"end":{"line":153,"column":14}},"153":{"start":{"line":154,"column":0},"end":{"line":154,"column":85}},"154":{"start":{"line":155,"column":0},"end":{"line":155,"column":12}},"155":{"start":{"line":156,"column":0},"end":{"line":156,"column":24}},"156":{"start":{"line":157,"column":0},"end":{"line":157,"column":20}},"157":{"start":{"line":158,"column":0},"end":{"line":158,"column":9}},"158":{"start":{"line":159,"column":0},"end":{"line":159,"column":78}},"159":{"start":{"line":160,"column":0},"end":{"line":160,"column":50}},"161":{"start":{"line":162,"column":0},"end":{"line":162,"column":20}},"162":{"start":{"line":163,"column":0},"end":{"line":163,"column":16}},"163":{"start":{"line":164,"column":0},"end":{"line":164,"column":95}},"164":{"start":{"line":165,"column":0},"end":{"line":165,"column":24}},"165":{"start":{"line":166,"column":0},"end":{"line":166,"column":19}},"166":{"start":{"line":167,"column":0},"end":{"line":167,"column":9}},"167":{"start":{"line":168,"column":0},"end":{"line":168,"column":14}},"168":{"start":{"line":169,"column":0},"end":{"line":169,"column":17}},"169":{"start":{"line":170,"column":0},"end":{"line":170,"column":7}},"172":{"start":{"line":173,"column":0},"end":{"line":173,"column":52}},"173":{"start":{"line":174,"column":0},"end":{"line":174,"column":62}},"174":{"start":{"line":175,"column":0},"end":{"line":175,"column":62}},"175":{"start":{"line":176,"column":0},"end":{"line":176,"column":59}},"178":{"start":{"line":179,"column":0},"end":{"line":179,"column":31}},"179":{"start":{"line":180,"column":0},"end":{"line":180,"column":38}},"180":{"start":{"line":181,"column":0},"end":{"line":181,"column":25}},"181":{"start":{"line":182,"column":0},"end":{"line":182,"column":55}},"182":{"start":{"line":183,"column":0},"end":{"line":183,"column":29}},"183":{"start":{"line":184,"column":0},"end":{"line":184,"column":31}},"184":{"start":{"line":185,"column":0},"end":{"line":185,"column":28}},"185":{"start":{"line":186,"column":0},"end":{"line":186,"column":38}},"186":{"start":{"line":187,"column":0},"end":{"line":187,"column":33}},"187":{"start":{"line":188,"column":0},"end":{"line":188,"column":58}},"188":{"start":{"line":189,"column":0},"end":{"line":189,"column":12}},"189":{"start":{"line":190,"column":0},"end":{"line":190,"column":9}},"190":{"start":{"line":191,"column":0},"end":{"line":191,"column":7}},"191":{"start":{"line":192,"column":0},"end":{"line":192,"column":73}},"194":{"start":{"line":195,"column":0},"end":{"line":195,"column":25}},"195":{"start":{"line":196,"column":0},"end":{"line":196,"column":62}},"196":{"start":{"line":197,"column":0},"end":{"line":197,"column":23}},"197":{"start":{"line":198,"column":0},"end":{"line":198,"column":42}},"198":{"start":{"line":199,"column":0},"end":{"line":199,"column":22}},"199":{"start":{"line":200,"column":0},"end":{"line":200,"column":14}},"200":{"start":{"line":201,"column":0},"end":{"line":201,"column":23}},"201":{"start":{"line":202,"column":0},"end":{"line":202,"column":7}},"203":{"start":{"line":204,"column":0},"end":{"line":204,"column":14}},"204":{"start":{"line":205,"column":0},"end":{"line":205,"column":19}},"205":{"start":{"line":206,"column":0},"end":{"line":206,"column":19}},"206":{"start":{"line":207,"column":0},"end":{"line":207,"column":18}},"207":{"start":{"line":208,"column":0},"end":{"line":208,"column":19}},"208":{"start":{"line":209,"column":0},"end":{"line":209,"column":14}},"209":{"start":{"line":210,"column":0},"end":{"line":210,"column":37}},"210":{"start":{"line":211,"column":0},"end":{"line":211,"column":22}},"211":{"start":{"line":212,"column":0},"end":{"line":212,"column":8}},"212":{"start":{"line":213,"column":0},"end":{"line":213,"column":6}},"214":{"start":{"line":215,"column":0},"end":{"line":215,"column":16}},"215":{"start":{"line":216,"column":0},"end":{"line":216,"column":24}},"216":{"start":{"line":217,"column":0},"end":{"line":217,"column":6}},"218":{"start":{"line":219,"column":0},"end":{"line":219,"column":17}},"219":{"start":{"line":220,"column":0},"end":{"line":220,"column":20}},"220":{"start":{"line":221,"column":0},"end":{"line":221,"column":6}},"222":{"start":{"line":223,"column":0},"end":{"line":223,"column":24}},"223":{"start":{"line":224,"column":0},"end":{"line":224,"column":37}},"224":{"start":{"line":225,"column":0},"end":{"line":225,"column":6}},"226":{"start":{"line":227,"column":0},"end":{"line":227,"column":13}},"227":{"start":{"line":228,"column":0},"end":{"line":228,"column":54}},"228":{"start":{"line":229,"column":0},"end":{"line":229,"column":21}},"229":{"start":{"line":230,"column":0},"end":{"line":230,"column":21}},"230":{"start":{"line":231,"column":0},"end":{"line":231,"column":20}},"231":{"start":{"line":232,"column":0},"end":{"line":232,"column":21}},"232":{"start":{"line":233,"column":0},"end":{"line":233,"column":24}},"233":{"start":{"line":234,"column":0},"end":{"line":234,"column":21}},"234":{"start":{"line":235,"column":0},"end":{"line":235,"column":6}},"235":{"start":{"line":236,"column":0},"end":{"line":236,"column":4}},"236":{"start":{"line":237,"column":0},"end":{"line":237,"column":1}}},"s":{"49":1,"50":1,"51":1,"52":1,"53":1,"54":1,"55":1,"56":1,"57":1,"98":15485,"99":15485,"100":15485,"101":1417,"102":1417,"104":1,"105":34,"106":34,"107":34,"109":34,"110":34,"111":34,"112":34,"113":34,"114":34,"116":34,"117":10,"118":10,"119":10,"120":10,"121":10,"122":10,"123":10,"125":34,"126":34,"129":3097,"132":3097,"133":3097,"134":3097,"135":3097,"136":3097,"137":3097,"140":3097,"141":3097,"142":3097,"144":3097,"145":255,"146":3097,"147":609,"149":3,"150":609,"151":606,"152":606,"153":606,"154":606,"155":606,"156":606,"157":606,"158":2842,"159":1000,"161":0,"162":1000,"163":1000,"164":1000,"165":1000,"166":1000,"167":2233,"168":1233,"169":1233,"172":3097,"173":3097,"174":3097,"175":3097,"178":3097,"179":3097,"180":2842,"181":2842,"182":1581,"183":1261,"184":2842,"185":2839,"186":2839,"187":2839,"188":2839,"189":2839,"190":2842,"191":3097,"194":3097,"195":3097,"196":441,"197":3097,"198":1581,"199":2656,"200":1075,"201":1075,"203":3097,"204":3097,"205":3097,"206":3097,"207":3097,"208":3097,"209":3097,"210":3097,"211":3097,"212":3097,"214":34,"215":10,"216":10,"218":34,"219":8,"220":8,"222":34,"223":3,"224":3,"226":34,"227":2,"228":2,"229":2,"230":2,"231":2,"232":2,"233":2,"234":2,"235":34,"236":34},"branchMap":{"0":{"type":"branch","line":99,"loc":{"start":{"line":99,"column":0},"end":{"line":103,"column":1}},"locations":[{"start":{"line":99,"column":0},"end":{"line":103,"column":1}}]},"1":{"type":"branch","line":101,"loc":{"start":{"line":101,"column":34},"end":{"line":101,"column":48}},"locations":[{"start":{"line":101,"column":34},"end":{"line":101,"column":48}}]},"2":{"type":"branch","line":101,"loc":{"start":{"line":101,"column":41},"end":{"line":103,"column":1}},"locations":[{"start":{"line":101,"column":41},"end":{"line":103,"column":1}}]},"3":{"type":"branch","line":105,"loc":{"start":{"line":105,"column":7},"end":{"line":237,"column":1}},"locations":[{"start":{"line":105,"column":7},"end":{"line":237,"column":1}}]},"4":{"type":"branch","line":117,"loc":{"start":{"line":117,"column":19},"end":{"line":124,"column":5}},"locations":[{"start":{"line":117,"column":19},"end":{"line":124,"column":5}}]},"5":{"type":"branch","line":127,"loc":{"start":{"line":127,"column":4},"end":{"line":213,"column":6}},"locations":[{"start":{"line":127,"column":4},"end":{"line":213,"column":6}}]},"6":{"type":"branch","line":145,"loc":{"start":{"line":145,"column":37},"end":{"line":147,"column":17}},"locations":[{"start":{"line":145,"column":37},"end":{"line":147,"column":17}}]},"7":{"type":"branch","line":147,"loc":{"start":{"line":147,"column":6},"end":{"line":170,"column":7}},"locations":[{"start":{"line":147,"column":6},"end":{"line":170,"column":7}}]},"8":{"type":"branch","line":147,"loc":{"start":{"line":147,"column":44},"end":{"line":147,"column":84}},"locations":[{"start":{"line":147,"column":44},"end":{"line":147,"column":84}}]},"9":{"type":"branch","line":147,"loc":{"start":{"line":147,"column":84},"end":{"line":159,"column":17}},"locations":[{"start":{"line":147,"column":84},"end":{"line":159,"column":17}}]},"10":{"type":"branch","line":148,"loc":{"start":{"line":148,"column":55},"end":{"line":151,"column":15}},"locations":[{"start":{"line":148,"column":55},"end":{"line":151,"column":15}}]},"11":{"type":"branch","line":151,"loc":{"start":{"line":151,"column":8},"end":{"line":158,"column":9}},"locations":[{"start":{"line":151,"column":8},"end":{"line":158,"column":9}}]},"12":{"type":"branch","line":159,"loc":{"start":{"line":159,"column":6},"end":{"line":170,"column":7}},"locations":[{"start":{"line":159,"column":6},"end":{"line":170,"column":7}}]},"13":{"type":"branch","line":159,"loc":{"start":{"line":159,"column":77},"end":{"line":168,"column":13}},"locations":[{"start":{"line":159,"column":77},"end":{"line":168,"column":13}}]},"14":{"type":"branch","line":160,"loc":{"start":{"line":160,"column":49},"end":{"line":163,"column":15}},"locations":[{"start":{"line":160,"column":49},"end":{"line":163,"column":15}}]},"15":{"type":"branch","line":168,"loc":{"start":{"line":168,"column":6},"end":{"line":170,"column":7}},"locations":[{"start":{"line":168,"column":6},"end":{"line":170,"column":7}}]},"16":{"type":"branch","line":180,"loc":{"start":{"line":180,"column":37},"end":{"line":191,"column":7}},"locations":[{"start":{"line":180,"column":37},"end":{"line":191,"column":7}}]},"17":{"type":"branch","line":182,"loc":{"start":{"line":182,"column":22},"end":{"line":182,"column":55}},"locations":[{"start":{"line":182,"column":22},"end":{"line":182,"column":55}}]},"18":{"type":"branch","line":182,"loc":{"start":{"line":182,"column":54},"end":{"line":183,"column":29}},"locations":[{"start":{"line":182,"column":54},"end":{"line":183,"column":29}}]},"19":{"type":"branch","line":183,"loc":{"start":{"line":183,"column":21},"end":{"line":184,"column":31}},"locations":[{"start":{"line":183,"column":21},"end":{"line":184,"column":31}}]},"20":{"type":"branch","line":185,"loc":{"start":{"line":185,"column":27},"end":{"line":190,"column":9}},"locations":[{"start":{"line":185,"column":27},"end":{"line":190,"column":9}}]},"21":{"type":"branch","line":196,"loc":{"start":{"line":196,"column":23},"end":{"line":196,"column":61}},"locations":[{"start":{"line":196,"column":23},"end":{"line":196,"column":61}}]},"22":{"type":"branch","line":196,"loc":{"start":{"line":196,"column":61},"end":{"line":198,"column":17}},"locations":[{"start":{"line":196,"column":61},"end":{"line":198,"column":17}}]},"23":{"type":"branch","line":198,"loc":{"start":{"line":198,"column":6},"end":{"line":202,"column":7}},"locations":[{"start":{"line":198,"column":6},"end":{"line":202,"column":7}}]},"24":{"type":"branch","line":198,"loc":{"start":{"line":198,"column":41},"end":{"line":200,"column":13}},"locations":[{"start":{"line":198,"column":41},"end":{"line":200,"column":13}}]},"25":{"type":"branch","line":200,"loc":{"start":{"line":200,"column":6},"end":{"line":202,"column":7}},"locations":[{"start":{"line":200,"column":6},"end":{"line":202,"column":7}}]},"26":{"type":"branch","line":215,"loc":{"start":{"line":215,"column":4},"end":{"line":217,"column":6}},"locations":[{"start":{"line":215,"column":4},"end":{"line":217,"column":6}}]},"27":{"type":"branch","line":219,"loc":{"start":{"line":219,"column":4},"end":{"line":221,"column":6}},"locations":[{"start":{"line":219,"column":4},"end":{"line":221,"column":6}}]},"28":{"type":"branch","line":223,"loc":{"start":{"line":223,"column":4},"end":{"line":225,"column":6}},"locations":[{"start":{"line":223,"column":4},"end":{"line":225,"column":6}}]},"29":{"type":"branch","line":227,"loc":{"start":{"line":227,"column":4},"end":{"line":235,"column":6}},"locations":[{"start":{"line":227,"column":4},"end":{"line":235,"column":6}}]}},"b":{"0":[15485],"1":[14068],"2":[1417],"3":[34],"4":[10],"5":[3097],"6":[255],"7":[2842],"8":[2839],"9":[609],"10":[3],"11":[606],"12":[2233],"13":[1000],"14":[0],"15":[1233],"16":[2842],"17":[1581],"18":[1581],"19":[1261],"20":[2839],"21":[441],"22":[441],"23":[2656],"24":[1581],"25":[1075],"26":[10],"27":[8],"28":[3],"29":[2]},"fnMap":{"0":{"name":"lerpTowards","decl":{"start":{"line":99,"column":0},"end":{"line":103,"column":1}},"loc":{"start":{"line":99,"column":0},"end":{"line":103,"column":1}},"line":99},"1":{"name":"createAnimation","decl":{"start":{"line":105,"column":7},"end":{"line":237,"column":1}},"loc":{"start":{"line":105,"column":7},"end":{"line":237,"column":1}},"line":105},"2":{"name":"snapshot","decl":{"start":{"line":117,"column":19},"end":{"line":124,"column":5}},"loc":{"start":{"line":117,"column":19},"end":{"line":124,"column":5}},"line":117},"3":{"name":"update","decl":{"start":{"line":127,"column":4},"end":{"line":213,"column":6}},"loc":{"start":{"line":127,"column":4},"end":{"line":213,"column":6}},"line":127},"4":{"name":"getState","decl":{"start":{"line":215,"column":4},"end":{"line":217,"column":6}},"loc":{"start":{"line":215,"column":4},"end":{"line":217,"column":6}},"line":215},"5":{"name":"getParams","decl":{"start":{"line":219,"column":4},"end":{"line":221,"column":6}},"loc":{"start":{"line":219,"column":4},"end":{"line":221,"column":6}},"line":219},"6":{"name":"setParams","decl":{"start":{"line":223,"column":4},"end":{"line":225,"column":6}},"loc":{"start":{"line":223,"column":4},"end":{"line":225,"column":6}},"line":223},"7":{"name":"reset","decl":{"start":{"line":227,"column":4},"end":{"line":235,"column":6}},"loc":{"start":{"line":227,"column":4},"end":{"line":235,"column":6}},"line":227}},"f":{"0":15485,"1":34,"2":10,"3":3097,"4":10,"5":8,"6":3,"7":2}}
,"/Users/law/Programming/Web/BJSM/packages/arcade/src/Components/Animation/Animation.panel.tsx": {"path":"/Users/law/Programming/Web/BJSM/packages/arcade/src/Components/Animation/Animation.panel.tsx","all":false,"statementMap":{"0":{"start":{"line":1,"column":0},"end":{"line":1,"column":3}},"22":{"start":{"line":23,"column":0},"end":{"line":23,"column":79}},"23":{"start":{"line":24,"column":0},"end":{"line":24,"column":90}},"24":{"start":{"line":25,"column":0},"end":{"line":25,"column":64}},"25":{"start":{"line":26,"column":0},"end":{"line":26,"column":52}},"29":{"start":{"line":30,"column":0},"end":{"line":30,"column":57}},"30":{"start":{"line":31,"column":0},"end":{"line":31,"column":17}},"31":{"start":{"line":32,"column":0},"end":{"line":32,"column":68}},"32":{"start":{"line":33,"column":0},"end":{"line":33,"column":5}},"33":{"start":{"line":34,"column":0},"end":{"line":34,"column":19}},"34":{"start":{"line":35,"column":0},"end":{"line":35,"column":38}},"35":{"start":{"line":36,"column":0},"end":{"line":36,"column":5}},"37":{"start":{"line":38,"column":0},"end":{"line":38,"column":88}},"38":{"start":{"line":39,"column":0},"end":{"line":39,"column":26}},"39":{"start":{"line":40,"column":0},"end":{"line":40,"column":71}},"40":{"start":{"line":41,"column":0},"end":{"line":41,"column":4}},"42":{"start":{"line":43,"column":0},"end":{"line":43,"column":23}},"43":{"start":{"line":44,"column":0},"end":{"line":44,"column":47}},"44":{"start":{"line":45,"column":0},"end":{"line":45,"column":51}},"45":{"start":{"line":46,"column":0},"end":{"line":46,"column":23}},"46":{"start":{"line":47,"column":0},"end":{"line":47,"column":20}},"47":{"start":{"line":48,"column":0},"end":{"line":48,"column":40}},"48":{"start":{"line":49,"column":0},"end":{"line":49,"column":4}},"50":{"start":{"line":51,"column":0},"end":{"line":51,"column":37}},"51":{"start":{"line":52,"column":0},"end":{"line":52,"column":20}},"52":{"start":{"line":53,"column":0},"end":{"line":53,"column":40}},"53":{"start":{"line":54,"column":0},"end":{"line":54,"column":4}},"55":{"start":{"line":56,"column":0},"end":{"line":56,"column":65}},"65":{"start":{"line":66,"column":0},"end":{"line":66,"column":28}},"66":{"start":{"line":67,"column":0},"end":{"line":67,"column":40}},"80":{"start":{"line":81,"column":0},"end":{"line":81,"column":64}},"81":{"start":{"line":82,"column":0},"end":{"line":82,"column":30}},"89":{"start":{"line":90,"column":0},"end":{"line":90,"column":10}},"91":{"start":{"line":92,"column":0},"end":{"line":92,"column":29}},"92":{"start":{"line":93,"column":0},"end":{"line":93,"column":52}},"93":{"start":{"line":94,"column":0},"end":{"line":94,"column":52}},"94":{"start":{"line":95,"column":0},"end":{"line":95,"column":50}},"96":{"start":{"line":97,"column":0},"end":{"line":97,"column":71}},"98":{"start":{"line":99,"column":0},"end":{"line":99,"column":55}},"103":{"start":{"line":104,"column":0},"end":{"line":104,"column":29}},"104":{"start":{"line":105,"column":0},"end":{"line":105,"column":15}},"105":{"start":{"line":106,"column":0},"end":{"line":106,"column":28}},"106":{"start":{"line":107,"column":0},"end":{"line":107,"column":29}},"107":{"start":{"line":108,"column":0},"end":{"line":108,"column":17}},"108":{"start":{"line":109,"column":0},"end":{"line":109,"column":18}},"109":{"start":{"line":110,"column":0},"end":{"line":110,"column":20}},"110":{"start":{"line":111,"column":0},"end":{"line":111,"column":31}},"114":{"start":{"line":115,"column":0},"end":{"line":115,"column":30}},"115":{"start":{"line":116,"column":0},"end":{"line":116,"column":15}},"116":{"start":{"line":117,"column":0},"end":{"line":117,"column":27}},"117":{"start":{"line":118,"column":0},"end":{"line":118,"column":34}},"118":{"start":{"line":119,"column":0},"end":{"line":119,"column":19}},"119":{"start":{"line":120,"column":0},"end":{"line":120,"column":18}},"120":{"start":{"line":121,"column":0},"end":{"line":121,"column":20}},"121":{"start":{"line":122,"column":0},"end":{"line":122,"column":48}},"123":{"start":{"line":124,"column":0},"end":{"line":124,"column":15}},"124":{"start":{"line":125,"column":0},"end":{"line":125,"column":26}},"125":{"start":{"line":126,"column":0},"end":{"line":126,"column":33}},"126":{"start":{"line":127,"column":0},"end":{"line":127,"column":19}},"127":{"start":{"line":128,"column":0},"end":{"line":128,"column":18}},"128":{"start":{"line":129,"column":0},"end":{"line":129,"column":20}},"129":{"start":{"line":130,"column":0},"end":{"line":130,"column":47}},"131":{"start":{"line":132,"column":0},"end":{"line":132,"column":15}},"132":{"start":{"line":133,"column":0},"end":{"line":133,"column":28}},"133":{"start":{"line":134,"column":0},"end":{"line":134,"column":35}},"134":{"start":{"line":135,"column":0},"end":{"line":135,"column":19}},"135":{"start":{"line":136,"column":0},"end":{"line":136,"column":18}},"136":{"start":{"line":137,"column":0},"end":{"line":137,"column":20}},"137":{"start":{"line":138,"column":0},"end":{"line":138,"column":49}},"139":{"start":{"line":140,"column":0},"end":{"line":140,"column":15}},"140":{"start":{"line":141,"column":0},"end":{"line":141,"column":33}},"141":{"start":{"line":142,"column":0},"end":{"line":142,"column":40}},"142":{"start":{"line":143,"column":0},"end":{"line":143,"column":19}},"143":{"start":{"line":144,"column":0},"end":{"line":144,"column":18}},"144":{"start":{"line":145,"column":0},"end":{"line":145,"column":20}},"145":{"start":{"line":146,"column":0},"end":{"line":146,"column":54}},"147":{"start":{"line":148,"column":0},"end":{"line":148,"column":15}},"148":{"start":{"line":149,"column":0},"end":{"line":149,"column":32}},"149":{"start":{"line":150,"column":0},"end":{"line":150,"column":39}},"150":{"start":{"line":151,"column":0},"end":{"line":151,"column":17}},"151":{"start":{"line":152,"column":0},"end":{"line":152,"column":17}},"152":{"start":{"line":153,"column":0},"end":{"line":153,"column":21}},"153":{"start":{"line":154,"column":0},"end":{"line":154,"column":53}},"157":{"start":{"line":158,"column":0},"end":{"line":158,"column":37}},"160":{"start":{"line":161,"column":0},"end":{"line":161,"column":2}}},"s":{"0":1,"22":1,"23":6,"24":6,"25":6,"29":6,"30":6,"31":6,"32":6,"33":6,"34":6,"35":6,"37":6,"38":1,"39":1,"40":1,"42":6,"43":1,"44":1,"45":1,"46":1,"47":1,"48":1,"50":6,"51":2,"52":2,"53":2,"55":6,"65":18,"66":18,"80":18,"81":6,"89":6,"91":6,"92":6,"93":6,"94":6,"96":6,"98":6,"103":6,"104":6,"105":6,"106":16,"107":6,"108":6,"109":6,"110":6,"114":6,"115":6,"116":6,"117":16,"118":6,"119":6,"120":6,"121":6,"123":6,"124":6,"125":12,"126":6,"127":6,"128":6,"129":6,"131":6,"132":6,"133":12,"134":6,"135":6,"136":6,"137":6,"139":6,"140":6,"141":12,"142":6,"143":6,"144":6,"145":6,"147":6,"148":6,"149":12,"150":6,"151":6,"152":6,"153":6,"157":6,"160":1},"branchMap":{"0":{"type":"branch","line":23,"loc":{"start":{"line":23,"column":68},"end":{"line":161,"column":1}},"locations":[{"start":{"line":23,"column":68},"end":{"line":161,"column":1}}]},"1":{"type":"branch","line":31,"loc":{"start":{"line":31,"column":10},"end":{"line":33,"column":3}},"locations":[{"start":{"line":31,"column":10},"end":{"line":33,"column":3}}]},"2":{"type":"branch","line":34,"loc":{"start":{"line":34,"column":12},"end":{"line":36,"column":3}},"locations":[{"start":{"line":34,"column":12},"end":{"line":36,"column":3}}]},"3":{"type":"branch","line":38,"loc":{"start":{"line":38,"column":15},"end":{"line":41,"column":4}},"locations":[{"start":{"line":38,"column":15},"end":{"line":41,"column":4}}]},"4":{"type":"branch","line":43,"loc":{"start":{"line":43,"column":16},"end":{"line":49,"column":4}},"locations":[{"start":{"line":43,"column":16},"end":{"line":49,"column":4}}]},"5":{"type":"branch","line":48,"loc":{"start":{"line":48,"column":23},"end":{"line":48,"column":40}},"locations":[{"start":{"line":48,"column":23},"end":{"line":48,"column":40}}]},"6":{"type":"branch","line":51,"loc":{"start":{"line":51,"column":21},"end":{"line":54,"column":4}},"locations":[{"start":{"line":51,"column":21},"end":{"line":54,"column":4}}]},"7":{"type":"branch","line":56,"loc":{"start":{"line":56,"column":14},"end":{"line":81,"column":64}},"locations":[{"start":{"line":56,"column":14},"end":{"line":81,"column":64}}]},"8":{"type":"branch","line":56,"loc":{"start":{"line":56,"column":59},"end":{"line":81,"column":64}},"locations":[{"start":{"line":56,"column":59},"end":{"line":81,"column":64}}]},"9":{"type":"branch","line":66,"loc":{"start":{"line":66,"column":20},"end":{"line":67,"column":32}},"locations":[{"start":{"line":66,"column":20},"end":{"line":67,"column":32}}]},"10":{"type":"branch","line":82,"loc":{"start":{"line":82,"column":29},"end":{"line":82,"column":30}},"locations":[{"start":{"line":82,"column":29},"end":{"line":82,"column":30}}]},"11":{"type":"branch","line":90,"loc":{"start":{"line":90,"column":2},"end":{"line":158,"column":37}},"locations":[{"start":{"line":90,"column":2},"end":{"line":158,"column":37}}]},"12":{"type":"branch","line":92,"loc":{"start":{"line":92,"column":20},"end":{"line":99,"column":55}},"locations":[{"start":{"line":92,"column":20},"end":{"line":99,"column":55}}]},"13":{"type":"branch","line":92,"loc":{"start":{"line":92,"column":20},"end":{"line":93,"column":51}},"locations":[{"start":{"line":92,"column":20},"end":{"line":93,"column":51}}]},"14":{"type":"branch","line":93,"loc":{"start":{"line":93,"column":51},"end":{"line":94,"column":51}},"locations":[{"start":{"line":93,"column":51},"end":{"line":94,"column":51}}]},"15":{"type":"branch","line":94,"loc":{"start":{"line":94,"column":51},"end":{"line":95,"column":49}},"locations":[{"start":{"line":94,"column":51},"end":{"line":95,"column":49}}]},"16":{"type":"branch","line":95,"loc":{"start":{"line":95,"column":49},"end":{"line":99,"column":55}},"locations":[{"start":{"line":95,"column":49},"end":{"line":99,"column":55}}]},"17":{"type":"branch","line":95,"loc":{"start":{"line":95,"column":49},"end":{"line":97,"column":63}},"locations":[{"start":{"line":95,"column":49},"end":{"line":97,"column":63}}]},"18":{"type":"branch","line":97,"loc":{"start":{"line":97,"column":63},"end":{"line":99,"column":54}},"locations":[{"start":{"line":97,"column":63},"end":{"line":99,"column":54}}]},"19":{"type":"branch","line":104,"loc":{"start":{"line":104,"column":20},"end":{"line":111,"column":31}},"locations":[{"start":{"line":104,"column":20},"end":{"line":111,"column":31}}]},"20":{"type":"branch","line":106,"loc":{"start":{"line":106,"column":15},"end":{"line":107,"column":29}},"locations":[{"start":{"line":106,"column":15},"end":{"line":107,"column":29}}]},"21":{"type":"branch","line":115,"loc":{"start":{"line":115,"column":20},"end":{"line":154,"column":53}},"locations":[{"start":{"line":115,"column":20},"end":{"line":154,"column":53}}]},"22":{"type":"branch","line":117,"loc":{"start":{"line":117,"column":15},"end":{"line":118,"column":34}},"locations":[{"start":{"line":117,"column":15},"end":{"line":118,"column":34}}]},"23":{"type":"branch","line":122,"loc":{"start":{"line":122,"column":21},"end":{"line":122,"column":47}},"locations":[{"start":{"line":122,"column":21},"end":{"line":122,"column":47}}]},"24":{"type":"branch","line":125,"loc":{"start":{"line":125,"column":15},"end":{"line":126,"column":33}},"locations":[{"start":{"line":125,"column":15},"end":{"line":126,"column":33}}]},"25":{"type":"branch","line":133,"loc":{"start":{"line":133,"column":15},"end":{"line":134,"column":35}},"locations":[{"start":{"line":133,"column":15},"end":{"line":134,"column":35}}]},"26":{"type":"branch","line":141,"loc":{"start":{"line":141,"column":15},"end":{"line":142,"column":40}},"locations":[{"start":{"line":141,"column":15},"end":{"line":142,"column":40}}]},"27":{"type":"branch","line":149,"loc":{"start":{"line":149,"column":15},"end":{"line":150,"column":39}},"locations":[{"start":{"line":149,"column":15},"end":{"line":150,"column":39}}]}},"b":{"0":[6],"1":[6],"2":[6],"3":[1],"4":[1],"5":[0],"6":[2],"7":[18],"8":[18],"9":[18],"10":[18],"11":[6],"12":[6],"13":[6],"14":[6],"15":[6],"16":[6],"17":[6],"18":[6],"19":[6],"20":[16],"21":[6],"22":[16],"23":[1],"24":[12],"25":[12],"26":[12],"27":[12]},"fnMap":{"0":{"name":"__vite_ssr_import_7__.$$component.location","decl":{"start":{"line":23,"column":68},"end":{"line":161,"column":1}},"loc":{"start":{"line":23,"column":68},"end":{"line":161,"column":1}},"line":23},"1":{"name":"push","decl":{"start":{"line":38,"column":15},"end":{"line":41,"column":4}},"loc":{"start":{"line":38,"column":15},"end":{"line":41,"column":4}},"line":38},"2":{"name":"reset","decl":{"start":{"line":43,"column":16},"end":{"line":49,"column":4}},"loc":{"start":{"line":43,"column":16},"end":{"line":49,"column":4}},"line":43},"3":{"name":"applySpeed","decl":{"start":{"line":51,"column":21},"end":{"line":54,"column":4}},"loc":{"start":{"line":51,"column":21},"end":{"line":54,"column":4}},"line":51},"4":{"name":"bar","decl":{"start":{"line":56,"column":14},"end":{"line":81,"column":64}},"loc":{"start":{"line":56,"column":14},"end":{"line":81,"column":64}},"line":56},"5":{"name":"get children","decl":{"start":{"line":92,"column":20},"end":{"line":99,"column":55}},"loc":{"start":{"line":92,"column":20},"end":{"line":99,"column":55}},"line":92},"6":{"name":"get children","decl":{"start":{"line":104,"column":20},"end":{"line":111,"column":31}},"loc":{"start":{"line":104,"column":20},"end":{"line":111,"column":31}},"line":104},"7":{"name":"get value","decl":{"start":{"line":106,"column":15},"end":{"line":107,"column":29}},"loc":{"start":{"line":106,"column":15},"end":{"line":107,"column":29}},"line":106},"8":{"name":"get children","decl":{"start":{"line":115,"column":20},"end":{"line":154,"column":53}},"loc":{"start":{"line":115,"column":20},"end":{"line":154,"column":53}},"line":115},"9":{"name":"get value","decl":{"start":{"line":117,"column":15},"end":{"line":118,"column":34}},"loc":{"start":{"line":117,"column":15},"end":{"line":118,"column":34}},"line":117},"10":{"name":"onChange","decl":{"start":{"line":122,"column":21},"end":{"line":122,"column":47}},"loc":{"start":{"line":122,"column":21},"end":{"line":122,"column":47}},"line":122},"11":{"name":"get value","decl":{"start":{"line":125,"column":15},"end":{"line":126,"column":33}},"loc":{"start":{"line":125,"column":15},"end":{"line":126,"column":33}},"line":125},"12":{"name":"onChange","decl":{"start":{"line":130,"column":21},"end":{"line":130,"column":46}},"loc":{"start":{"line":130,"column":21},"end":{"line":130,"column":46}},"line":130},"13":{"name":"get value","decl":{"start":{"line":133,"column":15},"end":{"line":134,"column":35}},"loc":{"start":{"line":133,"column":15},"end":{"line":134,"column":35}},"line":133},"14":{"name":"onChange","decl":{"start":{"line":138,"column":21},"end":{"line":138,"column":48}},"loc":{"start":{"line":138,"column":21},"end":{"line":138,"column":48}},"line":138},"15":{"name":"get value","decl":{"start":{"line":141,"column":15},"end":{"line":142,"column":40}},"loc":{"start":{"line":141,"column":15},"end":{"line":142,"column":40}},"line":141},"16":{"name":"onChange","decl":{"start":{"line":146,"column":21},"end":{"line":146,"column":53}},"loc":{"start":{"line":146,"column":21},"end":{"line":146,"column":53}},"line":146},"17":{"name":"get value","decl":{"start":{"line":149,"column":15},"end":{"line":150,"column":39}},"loc":{"start":{"line":149,"column":15},"end":{"line":150,"column":39}},"line":149},"18":{"name":"onChange","decl":{"start":{"line":154,"column":21},"end":{"line":154,"column":52}},"loc":{"start":{"line":154,"column":21},"end":{"line":154,"column":52}},"line":154}},"f":{"0":6,"1":1,"2":1,"3":2,"4":18,"5":6,"6":6,"7":16,"8":6,"9":16,"10":1,"11":12,"12":0,"13":12,"14":0,"15":12,"16":0,"17":12,"18":0}}
,"/Users/law/Programming/Web/BJSM/packages/arcade/src/Components/Animation/Animation.ts": {"path":"/Users/law/Programming/Web/BJSM/packages/arcade/src/Components/Animation/Animation.ts","all":false,"statementMap":{"0":{"start":{"line":1,"column":0},"end":{"line":1,"column":3}},"30":{"start":{"line":31,"column":0},"end":{"line":31,"column":32}},"32":{"start":{"line":33,"column":0},"end":{"line":33,"column":43}},"34":{"start":{"line":35,"column":0},"end":{"line":35,"column":43}},"36":{"start":{"line":37,"column":0},"end":{"line":37,"column":27}},"37":{"start":{"line":38,"column":0},"end":{"line":38,"column":11}},"39":{"start":{"line":40,"column":0},"end":{"line":40,"column":37}},"41":{"start":{"line":42,"column":0},"end":{"line":42,"column":35}},"42":{"start":{"line":43,"column":0},"end":{"line":43,"column":11}},"64":{"start":{"line":65,"column":0},"end":{"line":65,"column":51}},"65":{"start":{"line":66,"column":0},"end":{"line":66,"column":26}},"66":{"start":{"line":67,"column":0},"end":{"line":67,"column":19}},"67":{"start":{"line":68,"column":0},"end":{"line":68,"column":19}},"68":{"start":{"line":69,"column":0},"end":{"line":69,"column":18}},"69":{"start":{"line":70,"column":0},"end":{"line":70,"column":20}},"71":{"start":{"line":72,"column":0},"end":{"line":72,"column":44}},"73":{"start":{"line":74,"column":0},"end":{"line":74,"column":37}},"75":{"start":{"line":76,"column":0},"end":{"line":76,"column":42}},"76":{"start":{"line":77,"column":0},"end":{"line":77,"column":12}},"77":{"start":{"line":78,"column":0},"end":{"line":78,"column":70}},"78":{"start":{"line":79,"column":0},"end":{"line":79,"column":61}},"79":{"start":{"line":80,"column":0},"end":{"line":80,"column":45}},"80":{"start":{"line":81,"column":0},"end":{"line":81,"column":45}},"81":{"start":{"line":82,"column":0},"end":{"line":82,"column":42}},"82":{"start":{"line":83,"column":0},"end":{"line":83,"column":37}},"83":{"start":{"line":84,"column":0},"end":{"line":84,"column":3}},"85":{"start":{"line":86,"column":0},"end":{"line":86,"column":31}},"86":{"start":{"line":87,"column":0},"end":{"line":87,"column":12}},"87":{"start":{"line":88,"column":0},"end":{"line":88,"column":21}},"88":{"start":{"line":89,"column":0},"end":{"line":89,"column":30}},"89":{"start":{"line":90,"column":0},"end":{"line":90,"column":30}},"90":{"start":{"line":91,"column":0},"end":{"line":91,"column":28}},"91":{"start":{"line":92,"column":0},"end":{"line":92,"column":30}},"92":{"start":{"line":93,"column":0},"end":{"line":93,"column":6}},"93":{"start":{"line":94,"column":0},"end":{"line":94,"column":3}},"94":{"start":{"line":95,"column":0},"end":{"line":95,"column":1}},"100":{"start":{"line":101,"column":0},"end":{"line":101,"column":45}},"101":{"start":{"line":102,"column":0},"end":{"line":102,"column":51}},"103":{"start":{"line":104,"column":0},"end":{"line":104,"column":38}},"105":{"start":{"line":106,"column":0},"end":{"line":106,"column":35}},"106":{"start":{"line":107,"column":0},"end":{"line":107,"column":20}},"107":{"start":{"line":108,"column":0},"end":{"line":108,"column":52}},"108":{"start":{"line":109,"column":0},"end":{"line":109,"column":3}},"110":{"start":{"line":111,"column":0},"end":{"line":111,"column":34}},"111":{"start":{"line":112,"column":0},"end":{"line":112,"column":87}},"112":{"start":{"line":113,"column":0},"end":{"line":113,"column":49}},"113":{"start":{"line":114,"column":0},"end":{"line":114,"column":7}},"115":{"start":{"line":116,"column":0},"end":{"line":116,"column":68}},"116":{"start":{"line":117,"column":0},"end":{"line":117,"column":3}},"118":{"start":{"line":119,"column":0},"end":{"line":119,"column":49}},"119":{"start":{"line":120,"column":0},"end":{"line":120,"column":32}},"120":{"start":{"line":121,"column":0},"end":{"line":121,"column":3}},"122":{"start":{"line":123,"column":0},"end":{"line":123,"column":51}},"123":{"start":{"line":124,"column":0},"end":{"line":124,"column":56}},"124":{"start":{"line":125,"column":0},"end":{"line":125,"column":48}},"125":{"start":{"line":126,"column":0},"end":{"line":126,"column":39}},"126":{"start":{"line":127,"column":0},"end":{"line":127,"column":37}},"129":{"start":{"line":130,"column":0},"end":{"line":130,"column":42}},"130":{"start":{"line":131,"column":0},"end":{"line":131,"column":42}},"131":{"start":{"line":132,"column":0},"end":{"line":132,"column":41}},"132":{"start":{"line":133,"column":0},"end":{"line":133,"column":5}},"133":{"start":{"line":134,"column":0},"end":{"line":134,"column":33}},"134":{"start":{"line":135,"column":0},"end":{"line":135,"column":28}},"135":{"start":{"line":136,"column":0},"end":{"line":136,"column":3}},"137":{"start":{"line":138,"column":0},"end":{"line":138,"column":48}},"138":{"start":{"line":139,"column":0},"end":{"line":139,"column":48}},"139":{"start":{"line":140,"column":0},"end":{"line":140,"column":39}},"140":{"start":{"line":141,"column":0},"end":{"line":141,"column":49}},"141":{"start":{"line":142,"column":0},"end":{"line":142,"column":3}},"143":{"start":{"line":144,"column":0},"end":{"line":144,"column":40}},"144":{"start":{"line":145,"column":0},"end":{"line":145,"column":35}},"146":{"start":{"line":147,"column":0},"end":{"line":147,"column":41}},"147":{"start":{"line":148,"column":0},"end":{"line":148,"column":58}},"148":{"start":{"line":149,"column":0},"end":{"line":149,"column":50}},"149":{"start":{"line":150,"column":0},"end":{"line":150,"column":36}},"154":{"start":{"line":155,"column":0},"end":{"line":155,"column":56}},"155":{"start":{"line":156,"column":0},"end":{"line":156,"column":49}},"156":{"start":{"line":157,"column":0},"end":{"line":157,"column":49}},"157":{"start":{"line":158,"column":0},"end":{"line":158,"column":48}},"158":{"start":{"line":159,"column":0},"end":{"line":159,"column":29}},"159":{"start":{"line":160,"column":0},"end":{"line":160,"column":68}},"160":{"start":{"line":161,"column":0},"end":{"line":161,"column":7}},"162":{"start":{"line":163,"column":0},"end":{"line":163,"column":51}},"163":{"start":{"line":164,"column":0},"end":{"line":164,"column":50}},"165":{"start":{"line":166,"column":0},"end":{"line":166,"column":14}},"166":{"start":{"line":167,"column":0},"end":{"line":167,"column":64}},"167":{"start":{"line":168,"column":0},"end":{"line":168,"column":64}},"168":{"start":{"line":169,"column":0},"end":{"line":169,"column":62}},"170":{"start":{"line":171,"column":0},"end":{"line":171,"column":50}},"171":{"start":{"line":172,"column":0},"end":{"line":172,"column":63}},"172":{"start":{"line":173,"column":0},"end":{"line":173,"column":62}},"173":{"start":{"line":174,"column":0},"end":{"line":174,"column":7}},"175":{"start":{"line":176,"column":0},"end":{"line":176,"column":33}},"177":{"start":{"line":178,"column":0},"end":{"line":178,"column":29}},"178":{"start":{"line":179,"column":0},"end":{"line":179,"column":59}},"179":{"start":{"line":180,"column":0},"end":{"line":180,"column":23}},"180":{"start":{"line":181,"column":0},"end":{"line":181,"column":27}},"181":{"start":{"line":182,"column":0},"end":{"line":182,"column":11}},"182":{"start":{"line":183,"column":0},"end":{"line":183,"column":7}},"184":{"start":{"line":185,"column":0},"end":{"line":185,"column":57}},"185":{"start":{"line":186,"column":0},"end":{"line":186,"column":21}},"186":{"start":{"line":187,"column":0},"end":{"line":187,"column":35}},"187":{"start":{"line":188,"column":0},"end":{"line":188,"column":35}},"188":{"start":{"line":189,"column":0},"end":{"line":189,"column":33}},"189":{"start":{"line":190,"column":0},"end":{"line":190,"column":35}},"190":{"start":{"line":191,"column":0},"end":{"line":191,"column":9}},"191":{"start":{"line":192,"column":0},"end":{"line":192,"column":5}},"192":{"start":{"line":193,"column":0},"end":{"line":193,"column":3}},"194":{"start":{"line":195,"column":0},"end":{"line":195,"column":32}},"195":{"start":{"line":196,"column":0},"end":{"line":196,"column":30}},"196":{"start":{"line":197,"column":0},"end":{"line":197,"column":25}},"197":{"start":{"line":198,"column":0},"end":{"line":198,"column":3}},"198":{"start":{"line":199,"column":0},"end":{"line":199,"column":1}}},"s":{"0":1,"30":1,"32":1,"34":1,"36":1,"37":1,"39":1,"41":1,"42":1,"64":1,"65":22,"66":22,"67":22,"68":22,"69":22,"71":22,"73":22,"75":22,"76":22,"77":22,"78":22,"79":22,"80":22,"81":22,"82":22,"83":22,"85":22,"86":2,"87":2,"88":2,"89":2,"90":2,"91":2,"92":2,"93":2,"94":22,"100":1,"101":18,"103":18,"105":18,"106":18,"107":18,"108":18,"110":18,"111":16,"112":4,"113":16,"115":16,"116":16,"118":18,"119":14,"120":14,"122":18,"123":2,"124":2,"125":2,"126":2,"129":2,"130":2,"131":2,"132":2,"133":2,"134":2,"135":2,"137":18,"138":14,"139":14,"140":14,"141":14,"143":18,"144":438,"146":438,"147":436,"148":436,"149":436,"154":436,"155":11,"156":11,"157":11,"158":11,"159":11,"160":11,"162":436,"163":436,"165":436,"166":436,"167":436,"168":436,"170":436,"171":436,"172":436,"173":436,"175":436,"177":436,"178":3,"179":3,"180":3,"181":3,"182":3,"184":436,"185":436,"186":436,"187":436,"188":436,"189":436,"190":436,"191":436,"192":438,"194":18,"195":7,"196":7,"197":7,"198":18},"branchMap":{"0":{"type":"branch","line":65,"loc":{"start":{"line":65,"column":50},"end":{"line":95,"column":1}},"locations":[{"start":{"line":65,"column":50},"end":{"line":95,"column":1}}]},"1":{"type":"branch","line":76,"loc":{"start":{"line":76,"column":2},"end":{"line":84,"column":3}},"locations":[{"start":{"line":76,"column":2},"end":{"line":84,"column":3}}]},"2":{"type":"branch","line":80,"loc":{"start":{"line":80,"column":20},"end":{"line":80,"column":45}},"locations":[{"start":{"line":80,"column":20},"end":{"line":80,"column":45}}]},"3":{"type":"branch","line":81,"loc":{"start":{"line":81,"column":20},"end":{"line":81,"column":45}},"locations":[{"start":{"line":81,"column":20},"end":{"line":81,"column":45}}]},"4":{"type":"branch","line":82,"loc":{"start":{"line":82,"column":19},"end":{"line":82,"column":42}},"locations":[{"start":{"line":82,"column":19},"end":{"line":82,"column":42}}]},"5":{"type":"branch","line":83,"loc":{"start":{"line":83,"column":20},"end":{"line":83,"column":37}},"locations":[{"start":{"line":83,"column":20},"end":{"line":83,"column":37}}]},"6":{"type":"branch","line":86,"loc":{"start":{"line":86,"column":2},"end":{"line":94,"column":3}},"locations":[{"start":{"line":86,"column":2},"end":{"line":94,"column":3}}]},"7":{"type":"branch","line":101,"loc":{"start":{"line":101,"column":44},"end":{"line":199,"column":1}},"locations":[{"start":{"line":101,"column":44},"end":{"line":199,"column":1}}]},"8":{"type":"branch","line":106,"loc":{"start":{"line":106,"column":2},"end":{"line":109,"column":3}},"locations":[{"start":{"line":106,"column":2},"end":{"line":109,"column":3}}]},"9":{"type":"branch","line":111,"loc":{"start":{"line":111,"column":12},"end":{"line":117,"column":3}},"locations":[{"start":{"line":111,"column":12},"end":{"line":117,"column":3}}]},"10":{"type":"branch","line":116,"loc":{"start":{"line":116,"column":40},"end":{"line":116,"column":68}},"locations":[{"start":{"line":116,"column":40},"end":{"line":116,"column":68}}]},"11":{"type":"branch","line":112,"loc":{"start":{"line":112,"column":53},"end":{"line":114,"column":5}},"locations":[{"start":{"line":112,"column":53},"end":{"line":114,"column":5}}]},"12":{"type":"branch","line":119,"loc":{"start":{"line":119,"column":12},"end":{"line":121,"column":3}},"locations":[{"start":{"line":119,"column":12},"end":{"line":121,"column":3}}]},"13":{"type":"branch","line":123,"loc":{"start":{"line":123,"column":12},"end":{"line":136,"column":3}},"locations":[{"start":{"line":123,"column":12},"end":{"line":136,"column":3}}]},"14":{"type":"branch","line":138,"loc":{"start":{"line":138,"column":10},"end":{"line":142,"column":3}},"locations":[{"start":{"line":138,"column":10},"end":{"line":142,"column":3}}]},"15":{"type":"branch","line":140,"loc":{"start":{"line":140,"column":32},"end":{"line":140,"column":39}},"locations":[{"start":{"line":140,"column":32},"end":{"line":140,"column":39}}]},"16":{"type":"branch","line":144,"loc":{"start":{"line":144,"column":12},"end":{"line":193,"column":3}},"locations":[{"start":{"line":144,"column":12},"end":{"line":193,"column":3}}]},"17":{"type":"branch","line":147,"loc":{"start":{"line":147,"column":40},"end":{"line":192,"column":5}},"locations":[{"start":{"line":147,"column":40},"end":{"line":192,"column":5}}]},"18":{"type":"branch","line":150,"loc":{"start":{"line":150,"column":27},"end":{"line":150,"column":36}},"locations":[{"start":{"line":150,"column":27},"end":{"line":150,"column":36}}]},"19":{"type":"branch","line":155,"loc":{"start":{"line":155,"column":15},"end":{"line":155,"column":52}},"locations":[{"start":{"line":155,"column":15},"end":{"line":155,"column":52}}]},"20":{"type":"branch","line":155,"loc":{"start":{"line":155,"column":47},"end":{"line":155,"column":55}},"locations":[{"start":{"line":155,"column":47},"end":{"line":155,"column":55}}]},"21":{"type":"branch","line":155,"loc":{"start":{"line":155,"column":55},"end":{"line":161,"column":7}},"locations":[{"start":{"line":155,"column":55},"end":{"line":161,"column":7}}]},"22":{"type":"branch","line":163,"loc":{"start":{"line":163,"column":44},"end":{"line":163,"column":51}},"locations":[{"start":{"line":163,"column":44},"end":{"line":163,"column":51}}]},"23":{"type":"branch","line":178,"loc":{"start":{"line":178,"column":28},"end":{"line":183,"column":7}},"locations":[{"start":{"line":178,"column":28},"end":{"line":183,"column":7}}]},"24":{"type":"branch","line":195,"loc":{"start":{"line":195,"column":12},"end":{"line":198,"column":3}},"locations":[{"start":{"line":195,"column":12},"end":{"line":198,"column":3}}]}},"b":{"0":[22],"1":[22],"2":[18],"3":[18],"4":[18],"5":[17],"6":[2],"7":[18],"8":[18],"9":[16],"10":[0],"11":[4],"12":[14],"13":[2],"14":[14],"15":[0],"16":[438],"17":[436],"18":[0],"19":[435],"20":[11],"21":[11],"22":[12],"23":[3],"24":[7]},"fnMap":{"0":{"name":"<instance_members_initializer>","decl":{"start":{"line":65,"column":50},"end":{"line":95,"column":1}},"loc":{"start":{"line":65,"column":50},"end":{"line":95,"column":1}},"line":65},"1":{"name":"AnimationComponent","decl":{"start":{"line":76,"column":2},"end":{"line":84,"column":3}},"loc":{"start":{"line":76,"column":2},"end":{"line":84,"column":3}},"line":76},"2":{"name":"serialize","decl":{"start":{"line":86,"column":2},"end":{"line":94,"column":3}},"loc":{"start":{"line":86,"column":2},"end":{"line":94,"column":3}},"line":86},"3":{"name":"<instance_members_initializer>","decl":{"start":{"line":101,"column":44},"end":{"line":199,"column":1}},"loc":{"start":{"line":101,"column":44},"end":{"line":199,"column":1}},"line":101},"4":{"name":"AnimationSystem","decl":{"start":{"line":106,"column":2},"end":{"line":109,"column":3}},"loc":{"start":{"line":106,"column":2},"end":{"line":109,"column":3}},"line":106},"5":{"name":"onInitialize","decl":{"start":{"line":111,"column":12},"end":{"line":117,"column":3}},"loc":{"start":{"line":111,"column":12},"end":{"line":117,"column":3}},"line":111},"6":{"name":"onEntityAdded","decl":{"start":{"line":119,"column":12},"end":{"line":121,"column":3}},"loc":{"start":{"line":119,"column":12},"end":{"line":121,"column":3}},"line":119},"7":{"name":"onEntityRemoved","decl":{"start":{"line":123,"column":12},"end":{"line":136,"column":3}},"loc":{"start":{"line":123,"column":12},"end":{"line":136,"column":3}},"line":123},"8":{"name":"ensureInstance","decl":{"start":{"line":138,"column":10},"end":{"line":142,"column":3}},"loc":{"start":{"line":138,"column":10},"end":{"line":142,"column":3}},"line":138},"9":{"name":"onUpdate","decl":{"start":{"line":144,"column":12},"end":{"line":193,"column":3}},"loc":{"start":{"line":144,"column":12},"end":{"line":193,"column":3}},"line":144},"10":{"name":"onShutdown","decl":{"start":{"line":195,"column":12},"end":{"line":198,"column":3}},"loc":{"start":{"line":195,"column":12},"end":{"line":198,"column":3}},"line":195}},"f":{"0":22,"1":22,"2":2,"3":18,"4":18,"5":16,"6":14,"7":2,"8":14,"9":438,"10":7}}
,"/Users/law/Programming/Web/BJSM/packages/arcade/src/Components/Animation/Animation.viz.tsx": {"path":"/Users/law/Programming/Web/BJSM/packages/arcade/src/Components/Animation/Animation.viz.tsx","all":true,"statementMap":{"0":{"start":{"line":1,"column":0},"end":{"line":1,"column":3}},"27":{"start":{"line":28,"column":0},"end":{"line":28,"column":59}},"28":{"start":{"line":29,"column":0},"end":{"line":29,"column":19}},"29":{"start":{"line":30,"column":0},"end":{"line":30,"column":24}},"30":{"start":{"line":31,"column":0},"end":{"line":31,"column":70}},"31":{"start":{"line":32,"column":0},"end":{"line":32,"column":32}},"33":{"start":{"line":34,"column":0},"end":{"line":34,"column":50}},"34":{"start":{"line":35,"column":0},"end":{"line":35,"column":12}},"35":{"start":{"line":36,"column":0},"end":{"line":36,"column":41}},"36":{"start":{"line":37,"column":0},"end":{"line":37,"column":56}},"37":{"start":{"line":38,"column":0},"end":{"line":38,"column":49}},"38":{"start":{"line":39,"column":0},"end":{"line":39,"column":54}},"39":{"start":{"line":40,"column":0},"end":{"line":40,"column":3}},"41":{"start":{"line":42,"column":0},"end":{"line":42,"column":39}},"42":{"start":{"line":43,"column":0},"end":{"line":43,"column":12}},"43":{"start":{"line":44,"column":0},"end":{"line":44,"column":28}},"44":{"start":{"line":45,"column":0},"end":{"line":45,"column":40}},"45":{"start":{"line":46,"column":0},"end":{"line":46,"column":30}},"46":{"start":{"line":47,"column":0},"end":{"line":47,"column":55}},"47":{"start":{"line":48,"column":0},"end":{"line":48,"column":6}},"48":{"start":{"line":49,"column":0},"end":{"line":49,"column":3}},"49":{"start":{"line":50,"column":0},"end":{"line":50,"column":1}},"51":{"start":{"line":52,"column":0},"end":{"line":52,"column":38}},"53":{"start":{"line":54,"column":0},"end":{"line":54,"column":53}},"54":{"start":{"line":55,"column":0},"end":{"line":55,"column":62}},"55":{"start":{"line":56,"column":0},"end":{"line":56,"column":69}},"56":{"start":{"line":57,"column":0},"end":{"line":57,"column":34}},"58":{"start":{"line":59,"column":0},"end":{"line":59,"column":35}},"59":{"start":{"line":60,"column":0},"end":{"line":60,"column":20}},"60":{"start":{"line":61,"column":0},"end":{"line":61,"column":60}},"61":{"start":{"line":62,"column":0},"end":{"line":62,"column":28}},"62":{"start":{"line":63,"column":0},"end":{"line":63,"column":3}},"64":{"start":{"line":65,"column":0},"end":{"line":65,"column":34}},"65":{"start":{"line":66,"column":0},"end":{"line":66,"column":41}},"66":{"start":{"line":67,"column":0},"end":{"line":67,"column":58}},"67":{"start":{"line":68,"column":0},"end":{"line":68,"column":17}},"68":{"start":{"line":69,"column":0},"end":{"line":69,"column":30}},"69":{"start":{"line":70,"column":0},"end":{"line":70,"column":14}},"70":{"start":{"line":71,"column":0},"end":{"line":71,"column":7}},"71":{"start":{"line":72,"column":0},"end":{"line":72,"column":5}},"72":{"start":{"line":73,"column":0},"end":{"line":73,"column":33}},"73":{"start":{"line":74,"column":0},"end":{"line":74,"column":28}},"74":{"start":{"line":75,"column":0},"end":{"line":75,"column":3}},"76":{"start":{"line":77,"column":0},"end":{"line":77,"column":41}},"77":{"start":{"line":78,"column":0},"end":{"line":78,"column":55}},"78":{"start":{"line":79,"column":0},"end":{"line":79,"column":3}},"80":{"start":{"line":81,"column":0},"end":{"line":81,"column":36}},"81":{"start":{"line":82,"column":0},"end":{"line":82,"column":71}},"83":{"start":{"line":84,"column":0},"end":{"line":84,"column":36}},"84":{"start":{"line":85,"column":0},"end":{"line":85,"column":23}},"85":{"start":{"line":86,"column":0},"end":{"line":86,"column":37}},"87":{"start":{"line":88,"column":0},"end":{"line":88,"column":28}},"88":{"start":{"line":89,"column":0},"end":{"line":89,"column":19}},"89":{"start":{"line":90,"column":0},"end":{"line":90,"column":25}},"90":{"start":{"line":91,"column":0},"end":{"line":91,"column":40}},"91":{"start":{"line":92,"column":0},"end":{"line":92,"column":28}},"92":{"start":{"line":93,"column":0},"end":{"line":93,"column":22}},"93":{"start":{"line":94,"column":0},"end":{"line":94,"column":23}},"94":{"start":{"line":95,"column":0},"end":{"line":95,"column":21}},"95":{"start":{"line":96,"column":0},"end":{"line":96,"column":29}},"96":{"start":{"line":97,"column":0},"end":{"line":97,"column":83}},"100":{"start":{"line":101,"column":0},"end":{"line":101,"column":7}},"102":{"start":{"line":103,"column":0},"end":{"line":103,"column":32}},"103":{"start":{"line":104,"column":0},"end":{"line":104,"column":33}},"104":{"start":{"line":105,"column":0},"end":{"line":105,"column":35}},"105":{"start":{"line":106,"column":0},"end":{"line":106,"column":5}},"106":{"start":{"line":107,"column":0},"end":{"line":107,"column":3}},"108":{"start":{"line":109,"column":0},"end":{"line":109,"column":78}},"109":{"start":{"line":110,"column":0},"end":{"line":110,"column":52}},"111":{"start":{"line":112,"column":0},"end":{"line":112,"column":40}},"112":{"start":{"line":113,"column":0},"end":{"line":113,"column":73}},"113":{"start":{"line":114,"column":0},"end":{"line":114,"column":51}},"114":{"start":{"line":115,"column":0},"end":{"line":115,"column":27}},"115":{"start":{"line":116,"column":0},"end":{"line":116,"column":80}},"116":{"start":{"line":117,"column":0},"end":{"line":117,"column":7}},"117":{"start":{"line":118,"column":0},"end":{"line":118,"column":5}},"119":{"start":{"line":120,"column":0},"end":{"line":120,"column":52}},"120":{"start":{"line":121,"column":0},"end":{"line":121,"column":50}},"121":{"start":{"line":122,"column":0},"end":{"line":122,"column":27}},"122":{"start":{"line":123,"column":0},"end":{"line":123,"column":16}},"123":{"start":{"line":124,"column":0},"end":{"line":124,"column":61}},"124":{"start":{"line":125,"column":0},"end":{"line":125,"column":30}},"125":{"start":{"line":126,"column":0},"end":{"line":126,"column":10}},"126":{"start":{"line":127,"column":0},"end":{"line":127,"column":7}},"127":{"start":{"line":128,"column":0},"end":{"line":128,"column":5}},"128":{"start":{"line":129,"column":0},"end":{"line":129,"column":16}},"129":{"start":{"line":130,"column":0},"end":{"line":130,"column":3}},"131":{"start":{"line":132,"column":0},"end":{"line":132,"column":41}},"132":{"start":{"line":133,"column":0},"end":{"line":133,"column":36}},"133":{"start":{"line":134,"column":0},"end":{"line":134,"column":49}},"134":{"start":{"line":135,"column":0},"end":{"line":135,"column":34}},"135":{"start":{"line":136,"column":0},"end":{"line":136,"column":52}},"136":{"start":{"line":137,"column":0},"end":{"line":137,"column":27}},"137":{"start":{"line":138,"column":0},"end":{"line":138,"column":39}},"138":{"start":{"line":139,"column":0},"end":{"line":139,"column":62}},"139":{"start":{"line":140,"column":0},"end":{"line":140,"column":7}},"140":{"start":{"line":141,"column":0},"end":{"line":141,"column":6}},"141":{"start":{"line":142,"column":0},"end":{"line":142,"column":60}},"142":{"start":{"line":143,"column":0},"end":{"line":143,"column":3}},"144":{"start":{"line":145,"column":0},"end":{"line":145,"column":49}},"145":{"start":{"line":146,"column":0},"end":{"line":146,"column":56}},"146":{"start":{"line":147,"column":0
[...]
,"column":0},"end":{"line":198,"column":22}},"198":{"start":{"line":199,"column":0},"end":{"line":199,"column":21}},"199":{"start":{"line":200,"column":0},"end":{"line":200,"column":19}},"200":{"start":{"line":201,"column":0},"end":{"line":201,"column":14}},"201":{"start":{"line":202,"column":0},"end":{"line":202,"column":18}},"202":{"start":{"line":203,"column":0},"end":{"line":203,"column":33}},"203":{"start":{"line":204,"column":0},"end":{"line":204,"column":30}},"204":{"start":{"line":205,"column":0},"end":{"line":205,"column":6}},"205":{"start":{"line":206,"column":0},"end":{"line":206,"column":19}},"206":{"start":{"line":207,"column":0},"end":{"line":207,"column":39}},"207":{"start":{"line":208,"column":0},"end":{"line":208,"column":42}},"208":{"start":{"line":209,"column":0},"end":{"line":209,"column":34}},"209":{"start":{"line":210,"column":0},"end":{"line":210,"column":37}},"210":{"start":{"line":211,"column":0},"end":{"line":211,"column":35}},"211":{"start":{"line":212,"column":0},"end":{"line":212,"column":6}},"212":{"start":{"line":213,"column":0},"end":{"line":213,"column":22}},"213":{"start":{"line":214,"column":0},"end":{"line":214,"column":27}},"214":{"start":{"line":215,"column":0},"end":{"line":215,"column":21}},"215":{"start":{"line":216,"column":0},"end":{"line":216,"column":6}},"216":{"start":{"line":217,"column":0},"end":{"line":217,"column":4}},"218":{"start":{"line":219,"column":0},"end":{"line":219,"column":61}},"221":{"start":{"line":222,"column":0},"end":{"line":222,"column":58}},"232":{"start":{"line":233,"column":0},"end":{"line":233,"column":38}},"235":{"start":{"line":236,"column":0},"end":{"line":236,"column":21}},"259":{"start":{"line":260,"column":0},"end":{"line":260,"column":35}},"262":{"start":{"line":263,"column":0},"end":{"line":263,"column":36}},"290":{"start":{"line":291,"column":0},"end":{"line":291,"column":33}},"294":{"start":{"line":295,"column":0},"end":{"line":295,"column":21}},"295":{"start":{"line":296,"column":0},"end":{"line":296,"column":35}},"296":{"start":{"line":297,"column":0},"end":{"line":297,"column":43}},"297":{"start":{"line":298,"column":0},"end":{"line":298,"column":42}},"298":{"start":{"line":299,"column":0},"end":{"line":299,"column":43}},"299":{"start":{"line":300,"column":0},"end":{"line":300,"column":41}},"300":{"start":{"line":301,"column":0},"end":{"line":301,"column":41}},"301":{"start":{"line":302,"column":0},"end":{"line":302,"column":64}},"302":{"start":{"line":303,"column":0},"end":{"line":303,"column":10}},"303":{"start":{"line":304,"column":0},"end":{"line":304,"column":42}},"304":{"start":{"line":305,"column":0},"end":{"line":305,"column":3}},"305":{"start":{"line":306,"column":0},"end":{"line":306,"column":31}},"308":{"start":{"line":309,"column":0},"end":{"line":309,"column":27}},"333":{"start":{"line":334,"column":0},"end":{"line":334,"column":33}},"336":{"start":{"line":337,"column":0},"end":{"line":337,"column":34}},"365":{"start":{"line":366,"column":0},"end":{"line":366,"column":29}},"367":{"start":{"line":368,"column":0},"end":{"line":368,"column":23}},"368":{"start":{"line":369,"column":0},"end":{"line":369,"column":49}},"369":{"start":{"line":370,"column":0},"end":{"line":370,"column":36}},"370":{"start":{"line":371,"column":0},"end":{"line":371,"column":21}},"371":{"start":{"line":372,"column":0},"end":{"line":372,"column":29}},"372":{"start":{"line":373,"column":0},"end":{"line":373,"column":72}},"373":{"start":{"line":374,"column":0},"end":{"line":374,"column":7}},"374":{"start":{"line":375,"column":0},"end":{"line":375,"column":3}},"375":{"start":{"line":376,"column":0},"end":{"line":376,"column":23}},"376":{"start":{"line":377,"column":0},"end":{"line":377,"column":16}},"377":{"start":{"line":378,"column":0},"end":{"line":378,"column":32}},"378":{"start":{"line":379,"column":0},"end":{"line":379,"column":36}},"379":{"start":{"line":380,"column":0},"end":{"line":380,"column":12}},"380":{"start":{"line":381,"column":0},"end":{"line":381,"column":12}},"381":{"start":{"line":382,"column":0},"end":{"line":382,"column":49}},"382":{"start":{"line":383,"column":0},"end":{"line":383,"column":49}},"383":{"start":{"line":384,"column":0},"end":{"line":384,"column":12}},"384":{"start":{"line":385,"column":0},"end":{"line":385,"column":3}},"385":{"start":{"line":386,"column":0},"end":{"line":386,"column":29}},"386":{"start":{"line":387,"column":0},"end":{"line":387,"column":1}},"388":{"start":{"line":389,"column":0},"end":{"line":389,"column":45}},"389":{"start":{"line":390,"column":0},"end":{"line":390,"column":47}},"390":{"start":{"line":391,"column":0},"end":{"line":391,"column":1}},"392":{"start":{"line":393,"column":0},"end":{"line":393,"column":42}},"393":{"start":{"line":394,"column":0},"end":{"line":394,"column":32}},"394":{"start":{"line":395,"column":0},"end":{"line":395,"column":27}},"395":{"start":{"line":396,"column":0},"end":{"line":396,"column":23}},"396":{"start":{"line":397,"column":0},"end":{"line":397,"column":10}},"397":{"start":{"line":398,"column":0},"end":{"line":398,"column":31}},"398":{"start":{"line":399,"column":0},"end":{"line":399,"column":3}},"399":{"start":{"line":400,"column":0},"end":{"line":400,"column":1}},"401":{"start":{"line":402,"column":0},"end":{"line":402,"column":50}},"402":{"start":{"line":403,"column":0},"end":{"line":403,"column":75}},"403":{"start":{"line":404,"column":0},"end":{"line":404,"column":16}},"404":{"start":{"line":405,"column":0},"end":{"line":405,"column":4}},"405":{"start":{"line":406,"column":0},"end":{"line":406,"column":1}},"407":{"start":{"line":408,"column":0},"end":{"line":408,"column":50}},"408":{"start":{"line":409,"column":0},"end":{"line":409,"column":20}},"409":{"start":{"line":410,"column":0},"end":{"line":410,"column":11}},"410":{"start":{"line":411,"column":0},"end":{"line":411,"column":18}},"411":{"start":{"line":412,"column":0},"end":{"line":412,"column":25}},"412":{"start":{"line":413,"column":0},"end":{"line":413,"column":25}},"413":{"start":{"line":414,"column":0},"end":{"line":414,"column":35}},"414":{"start":{"line":415,"column":0},"end":{"line":415,"column":1}},"416":{"start":{"line":417,"column":0},"end":{"line":417,"column":51}},"417":{"start":{"line":418,"column":0},"end":{"line":418,"column":45}},"418":{"start":{"line":419,"column":0},"end":{"line":419,"column":46}},"419":{"start":{"line":420,"column":0},"end":{"line":420,"column":47}},"420":{"start":{"line":421,"column":0},"end":{"line":421,"column":49}},"421":{"start":{"line":422,"column":0},"end":{"line":422,"column":28}},"422":{"start":{"line":423,"column":0},"end":{"line":423,"column":3}},"423":{"start":{"line":424,"column":0},"end":{"line":424,"column":1}},"425":{"start":{"line":426,"column":0},"end":{"line":426,"column":32}},"426":{"start":{"line":427,"column":0},"end":{"line":427,"column":37}},"427":{"start":{"line":428,"column":0},"end":{"line":428,"column":75}},"428":{"start":{"line":429,"column":0},"end":{"line":429,"column":1}},"430":{"start":{"line":431,"column":0},"end":{"line":431,"column":32}},"431":{"start":{"line":432,"column":0},"end":{"line":432,"column":28}},"432":{"start":{"line":433,"column":0},"end":{"line":433,"column":11}},"433":{"start":{"line":434,"column":0},"end":{"line":434,"column":3}},"434":{"start":{"line":435,"column":0},"end":{"line":435,"column":43}},"435":{"start":{"line":436,"column":0},"end":{"line":436,"column":26}},"436":{"start":{"line":437,"column":0},"end":{"line":437,"column":15}},"437":{"start":{"line":438,"column":0},"end":{"line":438,"column":5}},"438":{"start":{"line":439,"column":0},"end":{"line":439,"column":73}},"439":{"start":{"line":440,"column":0},"end":{"line":440,"column":3}},"440":{"start":{"line":441,"column":0},"end":{"line":441,"column":1}},"447":{"start":{"line":448,"column":0},"end":{"line":448,"column":79}},"448":{"start":{"line":449,"column":0},"end":{"line":449,"column":35}},"449":{"start":{"line":450,"column":0},"end":{"line":450,"column":42}},"450":{"start":{"line":451,"column":0},"end":{"line":451,"column":40}},"451":{"start":{"line":452,"column":0},"end":{"line":452,"column":10}},"452":{"start":{"line":453,"column":0},"end":{"line":453,"column":24}},"453":{"start":{"line":454,"column":0},"end":{"line":454,"column":27}},"454":{"start":{"line":455,"column":0},"end":{"line":455,"column":4}},"455":{"start":{"line":456,"column":0},"end":{"line":456,"column":1}},"457":{"start":{"line":458,"column":0},"end":{"line":458,"column":72}},"458":{"start":{"line":459,"column":0},"end":{"line":459,"column":49}},"459":{"start":{"line":460,"column":0},"end":{"line":460,"column":53}},"460":{"start":{"line":461,"column":0},"end":{"line":461,"column":1}},"462":{"start":{"line":463,"column":0},"end":{"line":463,"column":73}},"463":{"start":{"line":464,"column":0},"end":{"line":464,"column":52}},"464":{"start":{"line":465,"column":0},"end":{"line":465,"column":77}},"466":{"start":{"line":467,"column":0},"end":{"line":467,"column":10}},"467":{"start":{"line":468,"column":0},"end":{"line":468,"column":17}},"468":{"start":{"line":469,"column":0},"end":{"line":469,"column":38}},"471":{"start":{"line":472,"column":0},"end":{"line":472,"column":35}},"472":{"start":{"line":473,"column":0},"end":{"line":473,"column":33}},"473":{"start":{"line":474,"column":0},"end":{"line":474,"column":9}},"474":{"start":{"line":475,"column":0},"end":{"line":475,"column":39}},"475":{"start":{"line":476,"column":0},"end":{"line":476,"column":8}},"477":{"start":{"line":478,"column":0},"end":{"line":478,"column":59}},"478":{"start":{"line":479,"column":0},"end":{"line":479,"column":35}},"480":{"start":{"line":481,"column":0},"end":{"line":481,"column":36}},"481":{"start":{"line":482,"column":0},"end":{"line":482,"column":28}},"482":{"start":{"line":483,"column":0},"end":{"line":483,"column":9}},"483":{"start":{"line":484,"column":0},"end":{"line":484,"column":48}},"484":{"start":{"line":485,"column":0},"end":{"line":485,"column":28}},"485":{"start":{"line":486,"column":0},"end":{"line":486,"column":9}},"486":{"start":{"line":487,"column":0},"end":{"line":487,"column":35}},"487":{"start":{"line":488,"column":0},"end":{"line":488,"column":25}},"488":{"start":{"line":489,"column":0},"end":{"line":489,"column":9}},"491":{"start":{"line":492,"column":0},"end":{"line":492,"column":26}},"492":{"start":{"line":493,"column":0},"end":{"line":493,"column":8}},"494":{"start":{"line":495,"column":0},"end":{"line":495,"column":1}},"496":{"start":{"line":497,"column":0},"end":{"line":497,"column":47}},"497":{"start":{"line":498,"column":0},"end":{"line":498,"column":55}},"543":{"start":{"line":544,"column":0},"end":{"line":544,"column":1}},"545":{"start":{"line":546,"column":0},"end":{"line":546,"column":48}},"546":{"start":{"line":547,"column":0},"end":{"line":547,"column":55}},"617":{"start":{"line":618,"column":0},"end":{"line":618,"column":1}},"619":{"start":{"line":620,"column":0},"end":{"line":620,"column":48}},"620":{"start":{"line":621,"column":0},"end":{"line":621,"column":55}},"689":{"start":{"line":690,"column":0},"end":{"line":690,"column":1}},"691":{"start":{"line":692,"column":0},"end":{"line":692,"column":46}},"692":{"start":{"line":693,"column":0},"end":{"line":693,"column":63}},"704":{"start":{"line":705,"column":0},"end":{"line":705,"column":1}},"706":{"start":{"line":707,"column":0},"end":{"line":707,"column":42}},"707":{"start":{"line":708,"column":0},"end":{"line":708,"column":24}},"708":{"start":{"line":709,"column":0},"end":{"line":709,"column":5}},"709":{"start":{"line":710,"column":0},"end":{"line":710,"column":21}},"710":{"start":{"line":711,"column":0},"end":{"line":711,"column":17}},"711":{"start":{"line":712,"column":0},"end":{"line":712,"column":17}},"712":{"start":{"line":713,"column":0},"end":{"line":713,"column":23}},"713":{"start":{"line":714,"column":0},"end":{"line":714,"column":74}},"714":{"start":{"line":715,"column":0},"end":{"line":715,"column":12}},"715":{"start":{"line":716,"column":0},"end":{"line":716,"column":10}},"716":{"start":{"line":717,"column":0},"end":{"line":717,"column":17}},"717":{"start":{"line":718,"column":0},"end":{"line":718,"column":27}},"718":{"start":{"line":719,"column":0},"end":{"line":719,"column":23}},"719":{"start":{"line":720,"column":0},"end":{"line":720,"column":28}},"720":{"start":{"line":721,"column":0},"end":{"line":721,"column":35}},"721":{"start":{"line":722,"column":0},"end":{"line":722,"column":24}},"722":{"start":{"line":723,"column":0},"end":{"line":723,"column":26}},"723":{"start":{"line":724,"column":0},"end":{"line":724,"column":34}},"724":{"start":{"line":725,"column":0},"end":{"line":725,"column":14}},"725":{"start":{"line":726,"column":0},"end":{"line":726,"column":40}},"726":{"start":{"line":727,"column":0},"end":{"line":727,"column":25}},"727":{"start":{"line":728,"column":0},"end":{"line":728,"column":12}},"728":{"start":{"line":729,"column":0},"end":{"line":729,"column":10}},"729":{"start":{"line":730,"column":0},"end":{"line":730,"column":14}},"730":{"start":{"line":731,"column":0},"end":{"line":731,"column":23}},"731":{"start":{"line":732,"column":0},"end":{"line":732,"column":74}},"732":{"start":{"line":733,"column":0},"end":{"line":733,"column":12}},"733":{"start":{"line":734,"column":0},"end":{"line":734,"column":10}},"734":{"start":{"line":735,"column":0},"end":{"line":735,"column":14}},"735":{"start":{"line":736,"column":0},"end":{"line":736,"column":23}},"736":{"start":{"line":737,"column":0},"end":{"line":737,"column":49}},"737":{"start":{"line":738,"column":0},"end":{"line":738,"column":12}},"738":{"start":{"line":739,"column":0},"end":{"line":739,"column":10}},"739":{"start":{"line":740,"column":0},"end":{"line":740,"column":17}},"740":{"start":{"line":741,"column":0},"end":{"line":741,"column":23}},"741":{"start":{"line":742,"column":0},"end":{"line":742,"column":67}},"742":{"start":{"line":743,"column":0},"end":{"line":743,"column":12}},"743":{"start":{"line":744,"column":0},"end":{"line":744,"column":10}},"744":{"start":{"line":745,"column":0},"end":{"line":745,"column":8}},"745":{"start":{"line":746,"column":0},"end":{"line":746,"column":6}},"746":{"start":{"line":747,"column":0},"end":{"line":747,"column":9}},"747":{"start":{"line":748,"column":0},"end":{"line":748,"column":6}},"748":{"start":{"line":749,"column":0},"end":{"line":749,"column":4}},"749":{"start":{"line":750,"column":0},"end":{"line":750,"column":1}},"751":{"start":{"line":752,"column":0},"end":{"line":752,"column":21}},"752":{"start":{"line":753,"column":0},"end":{"line":753,"column":19}},"753":{"start":{"line":754,"column":0},"end":{"line":754,"column":18}},"754":{"start":{"line":755,"column":0},"end":{"line":755,"column":3}}},"s":{"0":0,"2":0,"3":0,"4":0,"5":0,"6":0,"7":0,"8":0,"10":0,"14":0,"15":0,"16":0,"18":0,"22":0,"23":0,"24":0,"25":0,"26":0,"27":0,"29":0,"43":0,"44":0,"45":0,"46":0,"48":0,"50":0,"51":0,"52":0,"54":0,"56":0,"57":0,"58":0,"59":0,"60":0,"61":0,"63":0,"64":0,"65":0,"66":0,"67":0,"69":0,"70":0,"73":0,"74":0,"75":0,"76":0,"77":0,"78":0,"79":0,"80":0,"81":0,"82":0,"85":0,"86":0,"87":0,"88":0,"89":0,"90":0,"91":0,"92":0,"93":0,"94":0,"95":0,"96":0,"97":0,"98":0,"99":0,"100":0,"101":0,"102":0,"103":0,"104":0,"105":0,"106":0,"107":0,"108":0,"109":0,"110":0,"111":0,"112":0,"113":0,"114":0,"115":0,"116":0,"117":0,"118":0,"121":0,"122":0,"123":0,"124":0,"125":0,"126":0,"127":0,"128":0,"129":0,"130":0,"131":0,"132":0,"133":0,"134":0,"135":0,"138":0,"139":0,"140":0,"141":0,"142":0,"143":0,"144":0,"145":0,"146":0,"147":0,"148":0,"149":0,"150":0,"151":0,"152":0,"153":0,"154":0,"155":0,"156":0,"157":0,"158":0,"159":0,"161":0,"162":0,"164":0,"166":0,"167":0,"169":0,"170":0,"172":0,"174":0,"175":0,"176":0,"177":0,"178":0,"179":0,"180":0,"181":0,"183":0,"186":0,"187":0,"188":0,"189":0,"190":0,"191":0,"192":0,"193":0,"196":0,"197":0,"198":0,"199":0,"200":0,"201":0,"202":0,"203":0,"204":0,"205":0,"206":0,"207":0,"208":0,"209":0,"210":0,"211":0,"212":0,"213":0,"214":0,"215":0,"216":0,"218":0,"221":0,"232":0,"235":0,"259":0,"262":0,"290":0,"294":0,"295":0,"296":0,"297":0,"298":0,"299":0,"300":0,"301":0,"302":0,"303":0,"304":0,"305":0,"308":0,"333":0,"336":0,"365":0,"367":0,"368":0,"369":0,"370":0,"371":0,"372":0,"373":0,"374":0,"375":0,"376":0,"377":0,"378":0,"379":0,"380":0,"381":0,"382":0,"383":0,"384":0,"385":0,"386":0,"388":0,"389":0,"390":0,"392":0,"393":0,"394":0,"395":0,"396":0,"397":0,"398":0,"399":0,"401":0,"402":0,"403":0,"404":0,"405":0,"407":0,"408":0,"409":0,"410":0,"411":0,"412":0,"413":0,"414":0,"416":0,"417":0,"418":0,"419":0,"420":0,"421":0,"422":0,"423":0,"425":0,"426":0,"427":0,"428":0,"430":0,"431":0,"432":0,"433":0,"434":0,"435":0,"436":0,"437":0,"438":0,"439":0,"440":0,"447":0,"448":0,"449":0,"450":0,"451":0,"452":0,"453":0,"454":0,"455":0,"457":0,"458":0,"459":0,"460":0,"462":0,"463":0,"464":0,"466":0,"467":0,"468":0,"471":0,"472":0,"473":0,"474":0,"475":0,"477":0,"478":0,"480":0,"481":0,"482":0,"483":0,"484":0,"485":0,"486":0,"487":0,"488":0,"491":0,"492":0,"494":0,"496":0,"497":0,"543":0,"545":0,"546":0,"617":0,"619":0,"620":0,"689":0,"691":0,"692":0,"704":0,"706":0,"707":0,"708":0,"709":0,"710":0,"711":0,"712":0,"713":0,"714":0,"715":0,"716":0,"717":0,"718":0,"719":0,"720":0,"721":0,"722":0,"723":0,"724":0,"725":0,"726":0,"727":0,"728":0,"729":0,"730":0,"731":0,"732":0,"733":0,"734":0,"735":0,"736":0,"737":0,"738":0,"739":0,"740":0,"741":0,"742":0,"743":0,"744":0,"745":0,"746":0,"747":0,"748":0,"749":0,"751":0,"752":0,"753":0,"754":0},"branchMap":{"0":{"type":"branch","line":1,"loc":{"start":{"line":1,"column":20689},"end":{"line":755,"column":3}},"locations":[{"start":{"line":1,"column":20689},"end":{"line":755,"column":3}}]}},"b":{"0":[0]},"fnMap":{"0":{"name":"(empty-report)","decl":{"start":{"line":1,"column":20689},"end":{"line":755,"column":3}},"loc":{"start":{"line":1,"column":20689},"end":{"line":755,"column":3}},"line":1}},"f":{"0":0}}
,"/Users/law/Programming/Web/BJSM/packages/arcade/src/cli/setup-options.ts": {"path":"/Users/law/Programming/Web/BJSM/packages/arcade/src/cli/setup-options.ts","all":false,"statementMap":{"0":{"start":{"line":1,"column":0},"end":{"line":1,"column":32}},"2":{"start":{"line":3,"column":0},"end":{"line":3,"column":48}},"13":{"start":{"line":14,"column":0},"end":{"line":14,"column":41}},"14":{"start":{"line":15,"column":0},"end":{"line":15,"column":3}},"15":{"start":{"line":16,"column":0},"end":{"line":16,"column":21}},"16":{"start":{"line":17,"column":0},"end":{"line":17,"column":30}},"17":{"start":{"line":18,"column":0},"end":{"line":18,"column":16}},"18":{"start":{"line":19,"column":0},"end":{"line":19,"column":4}},"19":{"start":{"line":20,"column":0},"end":{"line":20,"column":3}},"20":{"start":{"line":21,"column":0},"end":{"line":21,"column":24}},"21":{"start":{"line":22,"column":0},"end":{"line":22,"column":60}},"22":{"start":{"line":23,"column":0},"end":{"line":23,"column":18}},"23":{"start":{"line":24,"column":0},"end":{"line":24,"column":4}},"24":{"start":{"line":25,"column":0},"end":{"line":25,"column":3}},"25":{"start":{"line":26,"column":0},"end":{"line":26,"column":24}},"26":{"start":{"line":27,"column":0},"end":{"line":27,"column":54}},"27":{"start":{"line":28,"column":0},"end":{"line":28,"column":17}},"28":{"start":{"line":29,"column":0},"end":{"line":29,"column":4}},"29":{"start":{"line":30,"column":0},"end":{"line":30,"column":3}},"30":{"start":{"line":31,"column":0},"end":{"line":31,"column":23}},"31":{"start":{"line":32,"column":0},"end":{"line":32,"column":54}},"32":{"start":{"line":33,"column":0},"end":{"line":33,"column":19}},"33":{"start":{"line":34,"column":0},"end":{"line":34,"column":4}},"34":{"start":{"line":35,"column":0},"end":{"line":35,"column":2}},"36":{"start":{"line":37,"column":0},"end":{"line":37,"column":29}}},"s":{"0":1,"2":1,"13":1,"14":1,"15":1,"16":1,"17":1,"18":1,"19":1,"20":1,"21":1,"22":1,"23":1,"24":1,"25":1,"26":1,"27":1,"28":1,"29":1,"30":1,"31":1,"32":1,"33":1,"34":1,"36":1},"branchMap":{},"b":{},"fnMap":{},"f":{}}
}
